#
# There is insufficient memory for the Java Runtime Environment to continue.
# Native memory allocation (mmap) failed to map 318767104 bytes for G1 virtual space
# Possible reasons:
#   The system is out of physical RAM or swap space
#   The process is running with CompressedOops enabled, and the Java Heap may be blocking the growth of the native heap
# Possible solutions:
#   Reduce memory load on the system
#   Increase physical memory or swap space
#   Check if swap backing store is full
#   Decrease Java heap size (-Xmx/-Xms)
#   Decrease number of Java threads
#   Decrease Java thread stack sizes (-Xss)
#   Set larger code cache with -XX:ReservedCodeCacheSize=
#   JVM is running with Unscaled Compressed Oops mode in which the Java heap is
#     placed in the first 4GB address space. The Java Heap base address is the
#     maximum limit for the native heap growth. Please use -XX:HeapBaseMinAddress
#     to set the Java Heap base and to place the Java Heap above 4GB virtual address.
# This output file may be truncated or incomplete.
#
#  Out of Memory Error (os_windows.cpp:3769), pid=8040, tid=4576
#
# JRE version: OpenJDK Runtime Environment (17.0.6) (build 17.0.6+0-b2043.56-10027231)
# Java VM: OpenJDK 64-Bit Server VM (17.0.6+0-b2043.56-10027231, mixed mode, tiered, compressed oops, compressed class ptrs, g1 gc, windows-amd64)
# No core dump will be written. Minidumps are not enabled by default on client versions of Windows
#

---------------  S U M M A R Y ------------

Command Line: org.jetbrains.kotlin.cli.jvm.K2JVMCompiler @C:\Users\nadhs\AndroidStudioProjects\Capstone\mobile_repo\Pawra\app\build\20231127_7690788898616934762.compiler.options

Host: Intel(R) Core(TM) i3-1005G1 CPU @ 1.20GHz, 4 cores, 7G,  Windows 10 , 64 bit Build 19041 (10.0.19041.3636)
Time: Mon Nov 27 23:12:58 2023 SE Asia Standard Time elapsed time: 33.178967 seconds (0d 0h 0m 33s)

---------------  T H R E A D  ---------------

Current thread (0x0000011b252e8c80):  VMThread "VM Thread" [stack: 0x0000000100c00000,0x0000000100d00000] [id=4576]

Stack: [0x0000000100c00000,0x0000000100d00000]
Native frames: (J=compiled Java code, j=interpreted, Vv=VM code, C=native code)
V  [jvm.dll+0x683c9a]
V  [jvm.dll+0x8427a4]
V  [jvm.dll+0x843f9e]
V  [jvm.dll+0x844603]
V  [jvm.dll+0x249b75]
V  [jvm.dll+0x680b69]
V  [jvm.dll+0x67505a]
V  [jvm.dll+0x309acb]
V  [jvm.dll+0x310f86]
V  [jvm.dll+0x3608ee]
V  [jvm.dll+0x360b1f]
V  [jvm.dll+0x2dfbf8]
V  [jvm.dll+0x2ddec4]
V  [jvm.dll+0x2dd4cc]
V  [jvm.dll+0x321f3b]
V  [jvm.dll+0x848ccb]
V  [jvm.dll+0x849a04]
V  [jvm.dll+0x849f1d]
V  [jvm.dll+0x84a2f4]
V  [jvm.dll+0x84a3c0]
V  [jvm.dll+0x7f274a]
V  [jvm.dll+0x682ad5]
C  [ucrtbase.dll+0x21bb2]
C  [KERNEL32.DLL+0x17344]
C  [ntdll.dll+0x526b1]

VM_Operation (0x00000001006fcab0): G1CollectForAllocation, mode: safepoint, requested by thread 0x0000011b0bed8730


---------------  P R O C E S S  ---------------

Threads class SMR info:
_java_thread_list=0x0000011b6635f1c0, length=13, elements={
0x0000011b0bed8730, 0x0000011b252ebfb0, 0x0000011b252ecde0, 0x0000011b2530f5b0,
0x0000011b25310160, 0x0000011b25312f20, 0x0000011b65d22110, 0x0000011b65d26200,
0x0000011b65d26b00, 0x0000011b65d29500, 0x0000011b65e95f00, 0x0000011b65ea9990,
0x0000011b683ce600
}

Java Threads: ( => current thread )
  0x0000011b0bed8730 JavaThread "main" [_thread_blocked, id=4564, stack(0x0000000100600000,0x0000000100700000)]
  0x0000011b252ebfb0 JavaThread "Reference Handler" daemon [_thread_blocked, id=3576, stack(0x0000000100d00000,0x0000000100e00000)]
  0x0000011b252ecde0 JavaThread "Finalizer" daemon [_thread_blocked, id=1536, stack(0x0000000100e00000,0x0000000100f00000)]
  0x0000011b2530f5b0 JavaThread "Signal Dispatcher" daemon [_thread_blocked, id=12152, stack(0x0000000100f00000,0x0000000101000000)]
  0x0000011b25310160 JavaThread "Attach Listener" daemon [_thread_blocked, id=8956, stack(0x0000000101000000,0x0000000101100000)]
  0x0000011b25312f20 JavaThread "Service Thread" daemon [_thread_blocked, id=4448, stack(0x0000000101100000,0x0000000101200000)]
  0x0000011b65d22110 JavaThread "Monitor Deflation Thread" daemon [_thread_blocked, id=12512, stack(0x0000000101200000,0x0000000101300000)]
  0x0000011b65d26200 JavaThread "C2 CompilerThread0" daemon [_thread_blocked, id=14720, stack(0x0000000101300000,0x0000000101400000)]
  0x0000011b65d26b00 JavaThread "C1 CompilerThread0" daemon [_thread_blocked, id=14844, stack(0x0000000101400000,0x0000000101500000)]
  0x0000011b65d29500 JavaThread "Sweeper thread" daemon [_thread_blocked, id=14980, stack(0x0000000101500000,0x0000000101600000)]
  0x0000011b65e95f00 JavaThread "Notification Thread" daemon [_thread_blocked, id=10528, stack(0x0000000101600000,0x0000000101700000)]
  0x0000011b65ea9990 JavaThread "Common-Cleaner" daemon [_thread_blocked, id=11260, stack(0x0000000101800000,0x0000000101900000)]
  0x0000011b683ce600 JavaThread "C2 CompilerThread1" daemon [_thread_blocked, id=5912, stack(0x0000000101900000,0x0000000101a00000)]

Other Threads:
=>0x0000011b252e8c80 VMThread "VM Thread" [stack: 0x0000000100c00000,0x0000000100d00000] [id=4576]
  0x0000011b65e963d0 WatcherThread [stack: 0x0000000101700000,0x0000000101800000] [id=2780]
  0x0000011b0bf35460 GCTaskThread "GC Thread#0" [stack: 0x0000000100700000,0x0000000100800000] [id=3784]
  0x0000011b663231c0 GCTaskThread "GC Thread#1" [stack: 0x0000000101a00000,0x0000000101b00000] [id=7548]
  0x0000011b66323470 GCTaskThread "GC Thread#2" [stack: 0x0000000101b00000,0x0000000101c00000] [id=1396]
  0x0000011b66331580 GCTaskThread "GC Thread#3" [stack: 0x0000000101c00000,0x0000000101d00000] [id=14372]
  0x0000011b0bf46540 ConcurrentGCThread "G1 Main Marker" [stack: 0x0000000100800000,0x0000000100900000] [id=13472]
  0x0000011b0bf46f50 ConcurrentGCThread "G1 Conc#0" [stack: 0x0000000100900000,0x0000000100a00000] [id=13436]
  0x0000011b0bfaea80 ConcurrentGCThread "G1 Refine#0" [stack: 0x0000000100a00000,0x0000000100b00000] [id=13912]
  0x0000011b681215c0 ConcurrentGCThread "G1 Refine#1" [stack: 0x0000000101d00000,0x0000000101e00000] [id=13424]
  0x0000011b6b70ee20 ConcurrentGCThread "G1 Refine#2" [stack: 0x0000000101e00000,0x0000000101f00000] [id=13864]
  0x0000011b6b885ad0 ConcurrentGCThread "G1 Refine#3" [stack: 0x0000000101f00000,0x0000000102000000] [id=9532]
  0x0000011b251505e0 ConcurrentGCThread "G1 Service" [stack: 0x0000000100b00000,0x0000000100c00000] [id=8864]

Threads with active compile tasks:
C2 CompilerThread0    33187 24040       4       org.jetbrains.org.objectweb.asm.tree.MethodNode::accept (874 bytes)
C2 CompilerThread1    33187 24037 % !   4       org.jetbrains.kotlin.codegen.optimization.common.FastMethodAnalyzer::analyze @ 140 (796 bytes)

VM state: at safepoint (normal execution)

VM Mutex/Monitor currently owned by a thread:  ([mutex/lock_event])
[0x0000011b0bed5ae0] Threads_lock - owner thread: 0x0000011b252e8c80
[0x0000011b0bed4970] Heap_lock - owner thread: 0x0000011b0bed8730

Heap address: 0x0000000083000000, size: 2000 MB, Compressed Oops mode: 32-bit

CDS archive(s) not mapped
Compressed class space mapped at: 0x0000011b25400000-0x0000011b65400000, reserved size: 1073741824
Narrow klass base: 0x0000011b25400000, Narrow klass shift: 0, Narrow klass range: 0x40000000

GC Precious Log:
 CPUs: 4 total, 4 available
 Memory: 7998M
 Large Page Support: Disabled
 NUMA Support: Disabled
 Compressed Oops: Enabled (32-bit)
 Heap Region Size: 1M
 Heap Min Capacity: 8M
 Heap Initial Capacity: 126M
 Heap Max Capacity: 2000M
 Pre-touch: Disabled
 Parallel Workers: 4
 Concurrent Workers: 1
 Concurrent Refinement Workers: 4
 Periodic GC: Disabled

Heap:
 garbage-first heap   total 311296K, used 182387K [0x0000000083000000, 0x0000000100000000)
  region size 1024K, 6 young (6144K), 6 survivors (6144K)
 Metaspace       used 96266K, committed 96704K, reserved 1138688K
  class space    used 10006K, committed 10240K, reserved 1048576K

Heap Regions: E=young(eden), S=young(survivor), O=old, HS=humongous(starts), HC=humongous(continues), CS=collection set, F=free, OA=open archive, CA=closed archive, TAMS=top-at-mark-start (previous, next)
|   0|0x0000000083000000, 0x0000000083100000, 0x0000000083100000|100%|HS|  |TAMS 0x0000000083100000, 0x0000000083000000| Complete 
|   1|0x0000000083100000, 0x0000000083200000, 0x0000000083200000|100%|HC|  |TAMS 0x0000000083200000, 0x0000000083100000| Complete 
|   2|0x0000000083200000, 0x0000000083300000, 0x0000000083300000|100%|HC|  |TAMS 0x0000000083300000, 0x0000000083200000| Complete 
|   3|0x0000000083300000, 0x0000000083400000, 0x0000000083400000|100%|HC|  |TAMS 0x0000000083400000, 0x0000000083300000| Complete 
|   4|0x0000000083400000, 0x0000000083500000, 0x0000000083500000|100%| O|  |TAMS 0x0000000083500000, 0x0000000083400000| Untracked 
|   5|0x0000000083500000, 0x00000000835f2a00, 0x0000000083600000| 94%| O|  |TAMS 0x00000000835f2a00, 0x0000000083500000| Untracked 
|   6|0x0000000083600000, 0x0000000083700000, 0x0000000083700000|100%| O|  |TAMS 0x0000000083700000, 0x0000000083600000| Untracked 
|   7|0x0000000083700000, 0x0000000083800000, 0x0000000083800000|100%| O|  |TAMS 0x0000000083800000, 0x0000000083700000| Untracked 
|   8|0x0000000083800000, 0x0000000083900000, 0x0000000083900000|100%| O|  |TAMS 0x0000000083900000, 0x0000000083800000| Untracked 
|   9|0x0000000083900000, 0x0000000083a00000, 0x0000000083a00000|100%| O|  |TAMS 0x0000000083a00000, 0x0000000083900000| Untracked 
|  10|0x0000000083a00000, 0x0000000083b00000, 0x0000000083b00000|100%| O|  |TAMS 0x0000000083b00000, 0x0000000083a00000| Untracked 
|  11|0x0000000083b00000, 0x0000000083c00000, 0x0000000083c00000|100%| O|  |TAMS 0x0000000083c00000, 0x0000000083b00000| Untracked 
|  12|0x0000000083c00000, 0x0000000083d00000, 0x0000000083d00000|100%| O|  |TAMS 0x0000000083d00000, 0x0000000083c00000| Untracked 
|  13|0x0000000083d00000, 0x0000000083e00000, 0x0000000083e00000|100%| O|  |TAMS 0x0000000083e00000, 0x0000000083d00000| Untracked 
|  14|0x0000000083e00000, 0x0000000083f00000, 0x0000000083f00000|100%| O|  |TAMS 0x0000000083f00000, 0x0000000083e00000| Untracked 
|  15|0x0000000083f00000, 0x0000000084000000, 0x0000000084000000|100%| O|  |TAMS 0x0000000084000000, 0x0000000083f00000| Untracked 
|  16|0x0000000084000000, 0x0000000084100000, 0x0000000084100000|100%| O|  |TAMS 0x0000000084100000, 0x0000000084000000| Untracked 
|  17|0x0000000084100000, 0x0000000084200000, 0x0000000084200000|100%| O|  |TAMS 0x0000000084200000, 0x0000000084100000| Untracked 
|  18|0x0000000084200000, 0x0000000084300000, 0x0000000084300000|100%| O|  |TAMS 0x0000000084300000, 0x0000000084200000| Untracked 
|  19|0x0000000084300000, 0x0000000084400000, 0x0000000084400000|100%| O|  |TAMS 0x0000000084400000, 0x0000000084300000| Untracked 
|  20|0x0000000084400000, 0x0000000084500000, 0x0000000084500000|100%| O|  |TAMS 0x0000000084500000, 0x0000000084400000| Untracked 
|  21|0x0000000084500000, 0x0000000084600000, 0x0000000084600000|100%| O|  |TAMS 0x0000000084600000, 0x0000000084500000| Untracked 
|  22|0x0000000084600000, 0x0000000084700000, 0x0000000084700000|100%| O|  |TAMS 0x0000000084700000, 0x0000000084600000| Untracked 
|  23|0x0000000084700000, 0x0000000084800000, 0x0000000084800000|100%| O|  |TAMS 0x0000000084800000, 0x0000000084700000| Untracked 
|  24|0x0000000084800000, 0x0000000084900000, 0x0000000084900000|100%| O|  |TAMS 0x0000000084900000, 0x0000000084800000| Untracked 
|  25|0x0000000084900000, 0x0000000084a00000, 0x0000000084a00000|100%| O|  |TAMS 0x0000000084a00000, 0x0000000084900000| Untracked 
|  26|0x0000000084a00000, 0x0000000084b00000, 0x0000000084b00000|100%| O|  |TAMS 0x0000000084b00000, 0x0000000084a00000| Untracked 
|  27|0x0000000084b00000, 0x0000000084c00000, 0x0000000084c00000|100%| O|  |TAMS 0x0000000084c00000, 0x0000000084b00000| Untracked 
|  28|0x0000000084c00000, 0x0000000084d00000, 0x0000000084d00000|100%|HS|  |TAMS 0x0000000084d00000, 0x0000000084c00000| Complete 
|  29|0x0000000084d00000, 0x0000000084e00000, 0x0000000084e00000|100%|HC|  |TAMS 0x0000000084e00000, 0x0000000084d00000| Complete 
|  30|0x0000000084e00000, 0x0000000084f00000, 0x0000000084f00000|100%| O|  |TAMS 0x0000000084f00000, 0x0000000084e00000| Untracked 
|  31|0x0000000084f00000, 0x0000000085000000, 0x0000000085000000|100%| O|  |TAMS 0x0000000084f00000, 0x0000000084f00000| Untracked 
|  32|0x0000000085000000, 0x0000000085100000, 0x0000000085100000|100%| O|  |TAMS 0x0000000085100000, 0x0000000085000000| Untracked 
|  33|0x0000000085100000, 0x0000000085200000, 0x0000000085200000|100%| O|  |TAMS 0x0000000085200000, 0x0000000085100000| Untracked 
|  34|0x0000000085200000, 0x0000000085300000, 0x0000000085300000|100%| O|  |TAMS 0x0000000085300000, 0x0000000085200000| Untracked 
|  35|0x0000000085300000, 0x0000000085400000, 0x0000000085400000|100%| O|  |TAMS 0x0000000085400000, 0x0000000085300000| Untracked 
|  36|0x0000000085400000, 0x0000000085500000, 0x0000000085500000|100%| O|  |TAMS 0x0000000085500000, 0x0000000085400000| Untracked 
|  37|0x0000000085500000, 0x0000000085600000, 0x0000000085600000|100%| O|  |TAMS 0x0000000085600000, 0x0000000085500000| Untracked 
|  38|0x0000000085600000, 0x0000000085700000, 0x0000000085700000|100%| O|  |TAMS 0x0000000085700000, 0x0000000085600000| Untracked 
|  39|0x0000000085700000, 0x0000000085800000, 0x0000000085800000|100%| O|  |TAMS 0x0000000085800000, 0x0000000085700000| Untracked 
|  40|0x0000000085800000, 0x0000000085900000, 0x0000000085900000|100%| O|  |TAMS 0x0000000085900000, 0x0000000085800000| Untracked 
|  41|0x0000000085900000, 0x0000000085a00000, 0x0000000085a00000|100%| O|  |TAMS 0x0000000085a00000, 0x0000000085900000| Untracked 
|  42|0x0000000085a00000, 0x0000000085b00000, 0x0000000085b00000|100%| O|  |TAMS 0x0000000085b00000, 0x0000000085a00000| Untracked 
|  43|0x0000000085b00000, 0x0000000085c00000, 0x0000000085c00000|100%| O|  |TAMS 0x0000000085c00000, 0x0000000085b00000| Untracked 
|  44|0x0000000085c00000, 0x0000000085d00000, 0x0000000085d00000|100%| O|  |TAMS 0x0000000085d00000, 0x0000000085c00000| Untracked 
|  45|0x0000000085d00000, 0x0000000085e00000, 0x0000000085e00000|100%| O|  |TAMS 0x0000000085e00000, 0x0000000085d00000| Untracked 
|  46|0x0000000085e00000, 0x0000000085f00000, 0x0000000085f00000|100%| O|  |TAMS 0x0000000085f00000, 0x0000000085e00000| Untracked 
|  47|0x0000000085f00000, 0x0000000086000000, 0x0000000086000000|100%| O|  |TAMS 0x0000000086000000, 0x0000000085f00000| Untracked 
|  48|0x0000000086000000, 0x0000000086100000, 0x0000000086100000|100%| O|  |TAMS 0x0000000086100000, 0x0000000086000000| Untracked 
|  49|0x0000000086100000, 0x0000000086200000, 0x0000000086200000|100%| O|  |TAMS 0x0000000086200000, 0x0000000086100000| Untracked 
|  50|0x0000000086200000, 0x0000000086300000, 0x0000000086300000|100%| O|  |TAMS 0x0000000086300000, 0x0000000086200000| Untracked 
|  51|0x0000000086300000, 0x0000000086400000, 0x0000000086400000|100%|HS|  |TAMS 0x0000000086400000, 0x0000000086300000| Complete 
|  52|0x0000000086400000, 0x0000000086500000, 0x0000000086500000|100%|HC|  |TAMS 0x0000000086500000, 0x0000000086400000| Complete 
|  53|0x0000000086500000, 0x0000000086600000, 0x0000000086600000|100%| O|  |TAMS 0x0000000086500000, 0x0000000086500000| Untracked 
|  54|0x0000000086600000, 0x0000000086700000, 0x0000000086700000|100%| O|  |TAMS 0x0000000086600000, 0x0000000086600000| Untracked 
|  55|0x0000000086700000, 0x0000000086800000, 0x0000000086800000|100%| O|  |TAMS 0x0000000086800000, 0x0000000086700000| Untracked 
|  56|0x0000000086800000, 0x0000000086900000, 0x0000000086900000|100%| O|  |TAMS 0x0000000086900000, 0x0000000086800000| Untracked 
|  57|0x0000000086900000, 0x0000000086a00000, 0x0000000086a00000|100%| O|  |TAMS 0x0000000086a00000, 0x0000000086900000| Untracked 
|  58|0x0000000086a00000, 0x0000000086b00000, 0x0000000086b00000|100%| O|  |TAMS 0x0000000086b00000, 0x0000000086a00000| Untracked 
|  59|0x0000000086b00000, 0x0000000086c00000, 0x0000000086c00000|100%| O|  |TAMS 0x0000000086c00000, 0x0000000086b00000| Untracked 
|  60|0x0000000086c00000, 0x0000000086d00000, 0x0000000086d00000|100%| O|  |TAMS 0x0000000086c00000, 0x0000000086c00000| Untracked 
|  61|0x0000000086d00000, 0x0000000086e00000, 0x0000000086e00000|100%| O|  |TAMS 0x0000000086e00000, 0x0000000086d00000| Untracked 
|  62|0x0000000086e00000, 0x0000000086f00000, 0x0000000086f00000|100%| O|  |TAMS 0x0000000086f00000, 0x0000000086e00000| Untracked 
|  63|0x0000000086f00000, 0x0000000087000000, 0x0000000087000000|100%| O|  |TAMS 0x0000000087000000, 0x0000000086f00000| Untracked 
|  64|0x0000000087000000, 0x0000000087100000, 0x0000000087100000|100%| O|  |TAMS 0x0000000087100000, 0x0000000087000000| Untracked 
|  65|0x0000000087100000, 0x0000000087200000, 0x0000000087200000|100%| O|  |TAMS 0x0000000087200000, 0x0000000087100000| Untracked 
|  66|0x0000000087200000, 0x0000000087300000, 0x0000000087300000|100%| O|  |TAMS 0x0000000087300000, 0x0000000087200000| Untracked 
|  67|0x0000000087300000, 0x0000000087400000, 0x0000000087400000|100%| O|  |TAMS 0x0000000087400000, 0x0000000087300000| Untracked 
|  68|0x0000000087400000, 0x0000000087500000, 0x0000000087500000|100%| O|  |TAMS 0x0000000087500000, 0x0000000087400000| Untracked 
|  69|0x0000000087500000, 0x0000000087600000, 0x0000000087600000|100%| O|  |TAMS 0x0000000087600000, 0x0000000087500000| Untracked 
|  70|0x0000000087600000, 0x0000000087700000, 0x0000000087700000|100%| O|  |TAMS 0x0000000087700000, 0x0000000087600000| Untracked 
|  71|0x0000000087700000, 0x0000000087800000, 0x0000000087800000|100%| O|  |TAMS 0x0000000087800000, 0x0000000087700000| Untracked 
|  72|0x0000000087800000, 0x0000000087900000, 0x0000000087900000|100%| O|  |TAMS 0x0000000087900000, 0x0000000087800000| Untracked 
|  73|0x0000000087900000, 0x0000000087a00000, 0x0000000087a00000|100%| O|  |TAMS 0x0000000087a00000, 0x0000000087900000| Untracked 
|  74|0x0000000087a00000, 0x0000000087b00000, 0x0000000087b00000|100%| O|  |TAMS 0x0000000087b00000, 0x0000000087a00000| Untracked 
|  75|0x0000000087b00000, 0x0000000087c00000, 0x0000000087c00000|100%| O|  |TAMS 0x0000000087c00000, 0x0000000087b00000| Untracked 
|  76|0x0000000087c00000, 0x0000000087d00000, 0x0000000087d00000|100%| O|  |TAMS 0x0000000087d00000, 0x0000000087c00000| Untracked 
|  77|0x0000000087d00000, 0x0000000087e00000, 0x0000000087e00000|100%| O|  |TAMS 0x0000000087d00000, 0x0000000087d00000| Untracked 
|  78|0x0000000087e00000, 0x0000000087f00000, 0x0000000087f00000|100%| O|  |TAMS 0x0000000087f00000, 0x0000000087e00000| Untracked 
|  79|0x0000000087f00000, 0x0000000088000000, 0x0000000088000000|100%| O|  |TAMS 0x0000000088000000, 0x0000000087f00000| Untracked 
|  80|0x0000000088000000, 0x0000000088100000, 0x0000000088100000|100%| O|  |TAMS 0x0000000088000000, 0x0000000088000000| Untracked 
|  81|0x0000000088100000, 0x0000000088200000, 0x0000000088200000|100%| O|  |TAMS 0x0000000088200000, 0x0000000088100000| Untracked 
|  82|0x0000000088200000, 0x0000000088300000, 0x0000000088300000|100%| O|  |TAMS 0x0000000088300000, 0x0000000088200000| Untracked 
|  83|0x0000000088300000, 0x0000000088400000, 0x0000000088400000|100%| O|  |TAMS 0x0000000088300000, 0x0000000088300000| Untracked 
|  84|0x0000000088400000, 0x0000000088500000, 0x0000000088500000|100%| O|  |TAMS 0x0000000088400000, 0x0000000088400000| Untracked 
|  85|0x0000000088500000, 0x0000000088600000, 0x0000000088600000|100%| O|  |TAMS 0x0000000088500000, 0x0000000088500000| Untracked 
|  86|0x0000000088600000, 0x0000000088700000, 0x0000000088700000|100%| O|  |TAMS 0x0000000088600000, 0x0000000088600000| Untracked 
|  87|0x0000000088700000, 0x0000000088800000, 0x0000000088800000|100%| O|  |TAMS 0x0000000088700000, 0x0000000088700000| Untracked 
|  88|0x0000000088800000, 0x0000000088900000, 0x0000000088900000|100%| O|  |TAMS 0x0000000088800000, 0x0000000088800000| Untracked 
|  89|0x0000000088900000, 0x0000000088a00000, 0x0000000088a00000|100%| O|  |TAMS 0x0000000088900000, 0x0000000088900000| Untracked 
|  90|0x0000000088a00000, 0x0000000088b00000, 0x0000000088b00000|100%| O|  |TAMS 0x0000000088a00000, 0x0000000088a00000| Untracked 
|  91|0x0000000088b00000, 0x0000000088c00000, 0x0000000088c00000|100%| O|  |TAMS 0x0000000088b00000, 0x0000000088b00000| Untracked 
|  92|0x0000000088c00000, 0x0000000088d00000, 0x0000000088d00000|100%| O|  |TAMS 0x0000000088c00000, 0x0000000088c00000| Untracked 
|  93|0x0000000088d00000, 0x0000000088e00000, 0x0000000088e00000|100%| O|  |TAMS 0x0000000088d00000, 0x0000000088d00000| Untracked 
|  94|0x0000000088e00000, 0x0000000088f00000, 0x0000000088f00000|100%| O|  |TAMS 0x0000000088e00000, 0x0000000088e00000| Untracked 
|  95|0x0000000088f00000, 0x0000000089000000, 0x0000000089000000|100%| O|  |TAMS 0x0000000088f00000, 0x0000000088f00000| Untracked 
|  96|0x0000000089000000, 0x0000000089100000, 0x0000000089100000|100%| O|  |TAMS 0x0000000089000000, 0x0000000089000000| Untracked 
|  97|0x0000000089100000, 0x0000000089200000, 0x0000000089200000|100%| O|  |TAMS 0x0000000089100000, 0x0000000089100000| Untracked 
|  98|0x0000000089200000, 0x0000000089300000, 0x0000000089300000|100%| O|  |TAMS 0x0000000089200000, 0x0000000089200000| Untracked 
|  99|0x0000000089300000, 0x0000000089400000, 0x0000000089400000|100%| O|  |TAMS 0x0000000089300000, 0x0000000089300000| Untracked 
| 100|0x0000000089400000, 0x0000000089500000, 0x0000000089500000|100%| O|  |TAMS 0x0000000089400000, 0x0000000089400000| Untracked 
| 101|0x0000000089500000, 0x0000000089600000, 0x0000000089600000|100%| O|  |TAMS 0x0000000089500000, 0x0000000089500000| Untracked 
| 102|0x0000000089600000, 0x0000000089700000, 0x0000000089700000|100%| O|  |TAMS 0x0000000089600000, 0x0000000089600000| Untracked 
| 103|0x0000000089700000, 0x0000000089800000, 0x0000000089800000|100%| O|  |TAMS 0x0000000089700000, 0x0000000089700000| Untracked 
| 104|0x0000000089800000, 0x0000000089900000, 0x0000000089900000|100%| O|  |TAMS 0x0000000089800000, 0x0000000089800000| Untracked 
| 105|0x0000000089900000, 0x0000000089a00000, 0x0000000089a00000|100%| O|  |TAMS 0x0000000089900000, 0x0000000089900000| Untracked 
| 106|0x0000000089a00000, 0x0000000089b00000, 0x0000000089b00000|100%| O|  |TAMS 0x0000000089a00000, 0x0000000089a00000| Untracked 
| 107|0x0000000089b00000, 0x0000000089c00000, 0x0000000089c00000|100%| O|  |TAMS 0x0000000089b00000, 0x0000000089b00000| Untracked 
| 108|0x0000000089c00000, 0x0000000089d00000, 0x0000000089d00000|100%| O|  |TAMS 0x0000000089c00000, 0x0000000089c00000| Untracked 
| 109|0x0000000089d00000, 0x0000000089e00000, 0x0000000089e00000|100%| O|  |TAMS 0x0000000089d00000, 0x0000000089d00000| Untracked 
| 110|0x0000000089e00000, 0x0000000089f00000, 0x0000000089f00000|100%| O|  |TAMS 0x0000000089e00000, 0x0000000089e00000| Untracked 
| 111|0x0000000089f00000, 0x000000008a000000, 0x000000008a000000|100%| O|  |TAMS 0x0000000089f00000, 0x0000000089f00000| Untracked 
| 112|0x000000008a000000, 0x000000008a100000, 0x000000008a100000|100%| O|  |TAMS 0x000000008a000000, 0x000000008a000000| Untracked 
| 113|0x000000008a100000, 0x000000008a200000, 0x000000008a200000|100%| O|  |TAMS 0x000000008a100000, 0x000000008a100000| Untracked 
| 114|0x000000008a200000, 0x000000008a300000, 0x000000008a300000|100%| O|  |TAMS 0x000000008a200000, 0x000000008a200000| Untracked 
| 115|0x000000008a300000, 0x000000008a400000, 0x000000008a400000|100%| O|  |TAMS 0x000000008a300000, 0x000000008a300000| Untracked 
| 116|0x000000008a400000, 0x000000008a500000, 0x000000008a500000|100%| O|  |TAMS 0x000000008a400000, 0x000000008a400000| Untracked 
| 117|0x000000008a500000, 0x000000008a600000, 0x000000008a600000|100%| O|  |TAMS 0x000000008a500000, 0x000000008a500000| Untracked 
| 118|0x000000008a600000, 0x000000008a700000, 0x000000008a700000|100%| O|  |TAMS 0x000000008a600000, 0x000000008a600000| Untracked 
| 119|0x000000008a700000, 0x000000008a800000, 0x000000008a800000|100%| O|  |TAMS 0x000000008a700000, 0x000000008a700000| Untracked 
| 120|0x000000008a800000, 0x000000008a900000, 0x000000008a900000|100%| O|  |TAMS 0x000000008a800000, 0x000000008a800000| Untracked 
| 121|0x000000008a900000, 0x000000008aa00000, 0x000000008aa00000|100%| O|  |TAMS 0x000000008a900000, 0x000000008a900000| Untracked 
| 122|0x000000008aa00000, 0x000000008ab00000, 0x000000008ab00000|100%| O|  |TAMS 0x000000008aa00000, 0x000000008aa00000| Untracked 
| 123|0x000000008ab00000, 0x000000008ac00000, 0x000000008ac00000|100%| O|  |TAMS 0x000000008ab00000, 0x000000008ab00000| Untracked 
| 124|0x000000008ac00000, 0x000000008ad00000, 0x000000008ad00000|100%| O|  |TAMS 0x000000008ac00000, 0x000000008ac00000| Untracked 
| 125|0x000000008ad00000, 0x000000008ae00000, 0x000000008ae00000|100%| O|  |TAMS 0x000000008ad00000, 0x000000008ad00000| Untracked 
| 126|0x000000008ae00000, 0x000000008af00000, 0x000000008af00000|100%| O|  |TAMS 0x000000008ae00000, 0x000000008ae00000| Untracked 
| 127|0x000000008af00000, 0x000000008b000000, 0x000000008b000000|100%| O|  |TAMS 0x000000008af00000, 0x000000008af00000| Untracked 
| 128|0x000000008b000000, 0x000000008b100000, 0x000000008b100000|100%| O|  |TAMS 0x000000008b000000, 0x000000008b000000| Untracked 
| 129|0x000000008b100000, 0x000000008b200000, 0x000000008b200000|100%| O|  |TAMS 0x000000008b100000, 0x000000008b100000| Untracked 
| 130|0x000000008b200000, 0x000000008b300000, 0x000000008b300000|100%| O|  |TAMS 0x000000008b200000, 0x000000008b200000| Untracked 
| 131|0x000000008b300000, 0x000000008b400000, 0x000000008b400000|100%| O|  |TAMS 0x000000008b300000, 0x000000008b300000| Untracked 
| 132|0x000000008b400000, 0x000000008b500000, 0x000000008b500000|100%| O|  |TAMS 0x000000008b400000, 0x000000008b400000| Untracked 
| 133|0x000000008b500000, 0x000000008b600000, 0x000000008b600000|100%| O|  |TAMS 0x000000008b500000, 0x000000008b500000| Untracked 
| 134|0x000000008b600000, 0x000000008b700000, 0x000000008b700000|100%| O|  |TAMS 0x000000008b600000, 0x000000008b600000| Untracked 
| 135|0x000000008b700000, 0x000000008b800000, 0x000000008b800000|100%| O|  |TAMS 0x000000008b700000, 0x000000008b700000| Untracked 
| 136|0x000000008b800000, 0x000000008b900000, 0x000000008b900000|100%| O|  |TAMS 0x000000008b800000, 0x000000008b800000| Untracked 
| 137|0x000000008b900000, 0x000000008ba00000, 0x000000008ba00000|100%| O|  |TAMS 0x000000008b900000, 0x000000008b900000| Untracked 
| 138|0x000000008ba00000, 0x000000008bb00000, 0x000000008bb00000|100%| O|  |TAMS 0x000000008ba00000, 0x000000008ba00000| Untracked 
| 139|0x000000008bb00000, 0x000000008bc00000, 0x000000008bc00000|100%| O|  |TAMS 0x000000008bb00000, 0x000000008bb00000| Untracked 
| 140|0x000000008bc00000, 0x000000008bd00000, 0x000000008bd00000|100%| O|  |TAMS 0x000000008bc00000, 0x000000008bc00000| Untracked 
| 141|0x000000008bd00000, 0x000000008be00000, 0x000000008be00000|100%| O|  |TAMS 0x000000008bd00000, 0x000000008bd00000| Untracked 
| 142|0x000000008be00000, 0x000000008bf00000, 0x000000008bf00000|100%| O|  |TAMS 0x000000008be00000, 0x000000008be00000| Untracked 
| 143|0x000000008bf00000, 0x000000008c000000, 0x000000008c000000|100%| O|  |TAMS 0x000000008bf00000, 0x000000008bf00000| Untracked 
| 144|0x000000008c000000, 0x000000008c100000, 0x000000008c100000|100%| O|  |TAMS 0x000000008c000000, 0x000000008c000000| Untracked 
| 145|0x000000008c100000, 0x000000008c200000, 0x000000008c200000|100%| O|  |TAMS 0x000000008c100000, 0x000000008c100000| Untracked 
| 146|0x000000008c200000, 0x000000008c300000, 0x000000008c300000|100%| O|  |TAMS 0x000000008c200000, 0x000000008c200000| Untracked 
| 147|0x000000008c300000, 0x000000008c400000, 0x000000008c400000|100%| O|  |TAMS 0x000000008c300000, 0x000000008c300000| Untracked 
| 148|0x000000008c400000, 0x000000008c500000, 0x000000008c500000|100%| O|  |TAMS 0x000000008c400000, 0x000000008c400000| Untracked 
| 149|0x000000008c500000, 0x000000008c600000, 0x000000008c600000|100%| O|  |TAMS 0x000000008c500000, 0x000000008c500000| Untracked 
| 150|0x000000008c600000, 0x000000008c700000, 0x000000008c700000|100%| O|  |TAMS 0x000000008c600000, 0x000000008c600000| Untracked 
| 151|0x000000008c700000, 0x000000008c800000, 0x000000008c800000|100%| O|  |TAMS 0x000000008c700000, 0x000000008c700000| Untracked 
| 152|0x000000008c800000, 0x000000008c900000, 0x000000008c900000|100%| O|  |TAMS 0x000000008c800000, 0x000000008c800000| Untracked 
| 153|0x000000008c900000, 0x000000008ca00000, 0x000000008ca00000|100%| O|  |TAMS 0x000000008c900000, 0x000000008c900000| Untracked 
| 154|0x000000008ca00000, 0x000000008cb00000, 0x000000008cb00000|100%| O|  |TAMS 0x000000008ca00000, 0x000000008ca00000| Untracked 
| 155|0x000000008cb00000, 0x000000008cc00000, 0x000000008cc00000|100%| O|  |TAMS 0x000000008cb00000, 0x000000008cb00000| Untracked 
| 156|0x000000008cc00000, 0x000000008cd00000, 0x000000008cd00000|100%| O|  |TAMS 0x000000008cc00000, 0x000000008cc00000| Untracked 
| 157|0x000000008cd00000, 0x000000008ce00000, 0x000000008ce00000|100%| O|  |TAMS 0x000000008cd00000, 0x000000008cd00000| Untracked 
| 158|0x000000008ce00000, 0x000000008cf00000, 0x000000008cf00000|100%| O|  |TAMS 0x000000008ce00000, 0x000000008ce00000| Untracked 
| 159|0x000000008cf00000, 0x000000008d000000, 0x000000008d000000|100%| O|  |TAMS 0x000000008cf00000, 0x000000008cf00000| Untracked 
| 160|0x000000008d000000, 0x000000008d100000, 0x000000008d100000|100%| O|  |TAMS 0x000000008d000000, 0x000000008d000000| Untracked 
| 161|0x000000008d100000, 0x000000008d200000, 0x000000008d200000|100%| O|  |TAMS 0x000000008d100000, 0x000000008d100000| Untracked 
| 162|0x000000008d200000, 0x000000008d300000, 0x000000008d300000|100%| O|  |TAMS 0x000000008d200000, 0x000000008d200000| Untracked 
| 163|0x000000008d300000, 0x000000008d400000, 0x000000008d400000|100%| O|  |TAMS 0x000000008d300000, 0x000000008d300000| Untracked 
| 164|0x000000008d400000, 0x000000008d500000, 0x000000008d500000|100%| O|  |TAMS 0x000000008d400000, 0x000000008d400000| Untracked 
| 165|0x000000008d500000, 0x000000008d600000, 0x000000008d600000|100%| O|  |TAMS 0x000000008d500000, 0x000000008d500000| Untracked 
| 166|0x000000008d600000, 0x000000008d700000, 0x000000008d700000|100%| O|  |TAMS 0x000000008d600000, 0x000000008d600000| Untracked 
| 167|0x000000008d700000, 0x000000008d800000, 0x000000008d800000|100%| O|  |TAMS 0x000000008d700000, 0x000000008d700000| Untracked 
| 168|0x000000008d800000, 0x000000008d900000, 0x000000008d900000|100%| O|  |TAMS 0x000000008d800000, 0x000000008d800000| Untracked 
| 169|0x000000008d900000, 0x000000008da00000, 0x000000008da00000|100%| O|  |TAMS 0x000000008d900000, 0x000000008d900000| Untracked 
| 170|0x000000008da00000, 0x000000008daaa200, 0x000000008db00000| 66%| O|  |TAMS 0x000000008da00000, 0x000000008da00000| Untracked 
| 171|0x000000008db00000, 0x000000008db00000, 0x000000008dc00000|  0%| F|  |TAMS 0x000000008db00000, 0x000000008db00000| Untracked 
| 172|0x000000008dc00000, 0x000000008dc00000, 0x000000008dd00000|  0%| F|  |TAMS 0x000000008dc00000, 0x000000008dc00000| Untracked 
| 173|0x000000008dd00000, 0x000000008dd00000, 0x000000008de00000|  0%| F|  |TAMS 0x000000008dd00000, 0x000000008dd00000| Untracked 
| 174|0x000000008de00000, 0x000000008de00000, 0x000000008df00000|  0%| F|  |TAMS 0x000000008de00000, 0x000000008de00000| Untracked 
| 175|0x000000008df00000, 0x000000008df00000, 0x000000008e000000|  0%| F|  |TAMS 0x000000008df00000, 0x000000008df00000| Untracked 
| 176|0x000000008e000000, 0x000000008e000000, 0x000000008e100000|  0%| F|  |TAMS 0x000000008e000000, 0x000000008e000000| Untracked 
| 177|0x000000008e100000, 0x000000008e100000, 0x000000008e200000|  0%| F|  |TAMS 0x000000008e100000, 0x000000008e100000| Untracked 
| 178|0x000000008e200000, 0x000000008e200000, 0x000000008e300000|  0%| F|  |TAMS 0x000000008e200000, 0x000000008e200000| Untracked 
| 179|0x000000008e300000, 0x000000008e300000, 0x000000008e400000|  0%| F|  |TAMS 0x000000008e300000, 0x000000008e300000| Untracked 
| 180|0x000000008e400000, 0x000000008e400000, 0x000000008e500000|  0%| F|  |TAMS 0x000000008e400000, 0x000000008e400000| Untracked 
| 181|0x000000008e500000, 0x000000008e500000, 0x000000008e600000|  0%| F|  |TAMS 0x000000008e500000, 0x000000008e500000| Untracked 
| 182|0x000000008e600000, 0x000000008e600000, 0x000000008e700000|  0%| F|  |TAMS 0x000000008e600000, 0x000000008e600000| Untracked 
| 183|0x000000008e700000, 0x000000008e700000, 0x000000008e800000|  0%| F|  |TAMS 0x000000008e700000, 0x000000008e700000| Untracked 
| 184|0x000000008e800000, 0x000000008e800000, 0x000000008e900000|  0%| F|  |TAMS 0x000000008e800000, 0x000000008e800000| Untracked 
| 185|0x000000008e900000, 0x000000008e900000, 0x000000008ea00000|  0%| F|  |TAMS 0x000000008e900000, 0x000000008e900000| Untracked 
| 186|0x000000008ea00000, 0x000000008ea00000, 0x000000008eb00000|  0%| F|  |TAMS 0x000000008ea00000, 0x000000008ea00000| Untracked 
| 187|0x000000008eb00000, 0x000000008eb00000, 0x000000008ec00000|  0%| F|  |TAMS 0x000000008eb00000, 0x000000008eb00000| Untracked 
| 188|0x000000008ec00000, 0x000000008ec00000, 0x000000008ed00000|  0%| F|  |TAMS 0x000000008ec00000, 0x000000008ec00000| Untracked 
| 189|0x000000008ed00000, 0x000000008ed00000, 0x000000008ee00000|  0%| F|  |TAMS 0x000000008ed00000, 0x000000008ed00000| Untracked 
| 190|0x000000008ee00000, 0x000000008ee00000, 0x000000008ef00000|  0%| F|  |TAMS 0x000000008ee00000, 0x000000008ee00000| Untracked 
| 191|0x000000008ef00000, 0x000000008ef00000, 0x000000008f000000|  0%| F|  |TAMS 0x000000008ef00000, 0x000000008ef00000| Untracked 
| 192|0x000000008f000000, 0x000000008f000000, 0x000000008f100000|  0%| F|  |TAMS 0x000000008f000000, 0x000000008f000000| Untracked 
| 193|0x000000008f100000, 0x000000008f100000, 0x000000008f200000|  0%| F|  |TAMS 0x000000008f100000, 0x000000008f100000| Untracked 
| 194|0x000000008f200000, 0x000000008f200000, 0x000000008f300000|  0%| F|  |TAMS 0x000000008f200000, 0x000000008f200000| Untracked 
| 195|0x000000008f300000, 0x000000008f300000, 0x000000008f400000|  0%| F|  |TAMS 0x000000008f300000, 0x000000008f300000| Untracked 
| 196|0x000000008f400000, 0x000000008f400000, 0x000000008f500000|  0%| F|  |TAMS 0x000000008f400000, 0x000000008f400000| Untracked 
| 197|0x000000008f500000, 0x000000008f500000, 0x000000008f600000|  0%| F|  |TAMS 0x000000008f500000, 0x000000008f500000| Untracked 
| 198|0x000000008f600000, 0x000000008f600000, 0x000000008f700000|  0%| F|  |TAMS 0x000000008f600000, 0x000000008f600000| Untracked 
| 199|0x000000008f700000, 0x000000008f700000, 0x000000008f800000|  0%| F|  |TAMS 0x000000008f700000, 0x000000008f700000| Untracked 
| 200|0x000000008f800000, 0x000000008f800000, 0x000000008f900000|  0%| F|  |TAMS 0x000000008f800000, 0x000000008f800000| Untracked 
| 201|0x000000008f900000, 0x000000008f900000, 0x000000008fa00000|  0%| F|  |TAMS 0x000000008f900000, 0x000000008f900000| Untracked 
| 202|0x000000008fa00000, 0x000000008fa00000, 0x000000008fb00000|  0%| F|  |TAMS 0x000000008fa00000, 0x000000008fa00000| Untracked 
| 203|0x000000008fb00000, 0x000000008fb00000, 0x000000008fc00000|  0%| F|  |TAMS 0x000000008fb00000, 0x000000008fb00000| Untracked 
| 204|0x000000008fc00000, 0x000000008fc00000, 0x000000008fd00000|  0%| F|  |TAMS 0x000000008fc00000, 0x000000008fc00000| Untracked 
| 205|0x000000008fd00000, 0x000000008fd00000, 0x000000008fe00000|  0%| F|  |TAMS 0x000000008fd00000, 0x000000008fd00000| Untracked 
| 206|0x000000008fe00000, 0x000000008fe00000, 0x000000008ff00000|  0%| F|  |TAMS 0x000000008fe00000, 0x000000008fe00000| Untracked 
| 207|0x000000008ff00000, 0x000000008ff00000, 0x0000000090000000|  0%| F|  |TAMS 0x000000008ff00000, 0x000000008ff00000| Untracked 
| 208|0x0000000090000000, 0x0000000090000000, 0x0000000090100000|  0%| F|  |TAMS 0x0000000090000000, 0x0000000090000000| Untracked 
| 209|0x0000000090100000, 0x0000000090100000, 0x0000000090200000|  0%| F|  |TAMS 0x0000000090100000, 0x0000000090100000| Untracked 
| 210|0x0000000090200000, 0x0000000090200000, 0x0000000090300000|  0%| F|  |TAMS 0x0000000090200000, 0x0000000090200000| Untracked 
| 211|0x0000000090300000, 0x0000000090300000, 0x0000000090400000|  0%| F|  |TAMS 0x0000000090300000, 0x0000000090300000| Untracked 
| 212|0x0000000090400000, 0x0000000090400000, 0x0000000090500000|  0%| F|  |TAMS 0x0000000090400000, 0x0000000090400000| Untracked 
| 213|0x0000000090500000, 0x0000000090500000, 0x0000000090600000|  0%| F|  |TAMS 0x0000000090500000, 0x0000000090500000| Untracked 
| 214|0x0000000090600000, 0x0000000090600000, 0x0000000090700000|  0%| F|  |TAMS 0x0000000090600000, 0x0000000090600000| Untracked 
| 215|0x0000000090700000, 0x0000000090700000, 0x0000000090800000|  0%| F|  |TAMS 0x0000000090700000, 0x0000000090700000| Untracked 
| 216|0x0000000090800000, 0x0000000090800000, 0x0000000090900000|  0%| F|  |TAMS 0x0000000090800000, 0x0000000090800000| Untracked 
| 217|0x0000000090900000, 0x0000000090900000, 0x0000000090a00000|  0%| F|  |TAMS 0x0000000090900000, 0x0000000090900000| Untracked 
| 218|0x0000000090a00000, 0x0000000090a80000, 0x0000000090b00000| 50%| S|CS|TAMS 0x0000000090a00000, 0x0000000090a00000| Complete 
| 219|0x0000000090b00000, 0x0000000090b00000, 0x0000000090c00000|  0%| F|  |TAMS 0x0000000090b00000, 0x0000000090b00000| Untracked 
| 220|0x0000000090c00000, 0x0000000090c00000, 0x0000000090d00000|  0%| F|  |TAMS 0x0000000090c00000, 0x0000000090c00000| Untracked 
| 221|0x0000000090d00000, 0x0000000090e00000, 0x0000000090e00000|100%| S|CS|TAMS 0x0000000090d00000, 0x0000000090d00000| Complete 
| 222|0x0000000090e00000, 0x0000000090f00000, 0x0000000090f00000|100%| S|CS|TAMS 0x0000000090e00000, 0x0000000090e00000| Complete 
| 223|0x0000000090f00000, 0x0000000091000000, 0x0000000091000000|100%| S|CS|TAMS 0x0000000090f00000, 0x0000000090f00000| Complete 
| 224|0x0000000091000000, 0x0000000091100000, 0x0000000091100000|100%| S|CS|TAMS 0x0000000091000000, 0x0000000091000000| Complete 
| 225|0x0000000091100000, 0x0000000091200000, 0x0000000091200000|100%| S|CS|TAMS 0x0000000091100000, 0x0000000091100000| Complete 
| 226|0x0000000091200000, 0x0000000091200000, 0x0000000091300000|  0%| F|  |TAMS 0x0000000091200000, 0x0000000091200000| Untracked 
| 227|0x0000000091300000, 0x0000000091300000, 0x0000000091400000|  0%| F|  |TAMS 0x0000000091300000, 0x0000000091300000| Untracked 
| 228|0x0000000091400000, 0x0000000091400000, 0x0000000091500000|  0%| F|  |TAMS 0x0000000091400000, 0x0000000091400000| Untracked 
| 229|0x0000000091500000, 0x0000000091500000, 0x0000000091600000|  0%| F|  |TAMS 0x0000000091500000, 0x0000000091500000| Untracked 
| 230|0x0000000091600000, 0x0000000091600000, 0x0000000091700000|  0%| F|  |TAMS 0x0000000091600000, 0x0000000091600000| Untracked 
| 231|0x0000000091700000, 0x0000000091700000, 0x0000000091800000|  0%| F|  |TAMS 0x0000000091700000, 0x0000000091700000| Untracked 
| 232|0x0000000091800000, 0x0000000091800000, 0x0000000091900000|  0%| F|  |TAMS 0x0000000091800000, 0x0000000091800000| Untracked 
| 233|0x0000000091900000, 0x0000000091900000, 0x0000000091a00000|  0%| F|  |TAMS 0x0000000091900000, 0x0000000091900000| Untracked 
| 234|0x0000000091a00000, 0x0000000091a00000, 0x0000000091b00000|  0%| F|  |TAMS 0x0000000091a00000, 0x0000000091a00000| Untracked 
| 235|0x0000000091b00000, 0x0000000091b00000, 0x0000000091c00000|  0%| F|  |TAMS 0x0000000091b00000, 0x0000000091b00000| Untracked 
| 236|0x0000000091c00000, 0x0000000091c00000, 0x0000000091d00000|  0%| F|  |TAMS 0x0000000091c00000, 0x0000000091c00000| Untracked 
| 237|0x0000000091d00000, 0x0000000091d00000, 0x0000000091e00000|  0%| F|  |TAMS 0x0000000091d00000, 0x0000000091d00000| Untracked 
| 238|0x0000000091e00000, 0x0000000091e00000, 0x0000000091f00000|  0%| F|  |TAMS 0x0000000091e00000, 0x0000000091e00000| Untracked 
| 239|0x0000000091f00000, 0x0000000091f00000, 0x0000000092000000|  0%| F|  |TAMS 0x0000000091f00000, 0x0000000091f00000| Untracked 
| 240|0x0000000092000000, 0x0000000092000000, 0x0000000092100000|  0%| F|  |TAMS 0x0000000092000000, 0x0000000092000000| Untracked 
| 241|0x0000000092100000, 0x0000000092100000, 0x0000000092200000|  0%| F|  |TAMS 0x0000000092100000, 0x0000000092100000| Untracked 
| 242|0x0000000092200000, 0x0000000092200000, 0x0000000092300000|  0%| F|  |TAMS 0x0000000092200000, 0x0000000092200000| Untracked 
| 243|0x0000000092300000, 0x0000000092300000, 0x0000000092400000|  0%| F|  |TAMS 0x0000000092300000, 0x0000000092300000| Untracked 
| 244|0x0000000092400000, 0x0000000092400000, 0x0000000092500000|  0%| F|  |TAMS 0x0000000092400000, 0x0000000092400000| Untracked 
| 245|0x0000000092500000, 0x0000000092500000, 0x0000000092600000|  0%| F|  |TAMS 0x0000000092500000, 0x0000000092500000| Untracked 
| 246|0x0000000092600000, 0x0000000092600000, 0x0000000092700000|  0%| F|  |TAMS 0x0000000092600000, 0x0000000092600000| Untracked 
| 247|0x0000000092700000, 0x0000000092700000, 0x0000000092800000|  0%| F|  |TAMS 0x0000000092700000, 0x0000000092700000| Untracked 
| 248|0x0000000092800000, 0x0000000092800000, 0x0000000092900000|  0%| F|  |TAMS 0x0000000092800000, 0x0000000092800000| Untracked 
| 249|0x0000000092900000, 0x0000000092900000, 0x0000000092a00000|  0%| F|  |TAMS 0x0000000092900000, 0x0000000092900000| Untracked 
| 250|0x0000000092a00000, 0x0000000092a00000, 0x0000000092b00000|  0%| F|  |TAMS 0x0000000092a00000, 0x0000000092a00000| Untracked 
| 251|0x0000000092b00000, 0x0000000092b00000, 0x0000000092c00000|  0%| F|  |TAMS 0x0000000092b00000, 0x0000000092b00000| Untracked 
| 252|0x0000000092c00000, 0x0000000092c00000, 0x0000000092d00000|  0%| F|  |TAMS 0x0000000092c00000, 0x0000000092c00000| Untracked 
| 253|0x0000000092d00000, 0x0000000092d00000, 0x0000000092e00000|  0%| F|  |TAMS 0x0000000092d00000, 0x0000000092d00000| Untracked 
| 254|0x0000000092e00000, 0x0000000092e00000, 0x0000000092f00000|  0%| F|  |TAMS 0x0000000092e00000, 0x0000000092e00000| Untracked 
| 255|0x0000000092f00000, 0x0000000092f00000, 0x0000000093000000|  0%| F|  |TAMS 0x0000000092f00000, 0x0000000092f00000| Untracked 
| 256|0x0000000093000000, 0x0000000093000000, 0x0000000093100000|  0%| F|  |TAMS 0x0000000093000000, 0x0000000093000000| Untracked 
| 257|0x0000000093100000, 0x0000000093100000, 0x0000000093200000|  0%| F|  |TAMS 0x0000000093100000, 0x0000000093100000| Untracked 
| 258|0x0000000093200000, 0x0000000093200000, 0x0000000093300000|  0%| F|  |TAMS 0x0000000093200000, 0x0000000093200000| Untracked 
| 259|0x0000000093300000, 0x0000000093300000, 0x0000000093400000|  0%| F|  |TAMS 0x0000000093300000, 0x0000000093300000| Untracked 
| 260|0x0000000093400000, 0x0000000093400000, 0x0000000093500000|  0%| F|  |TAMS 0x0000000093400000, 0x0000000093400000| Untracked 
| 261|0x0000000093500000, 0x0000000093500000, 0x0000000093600000|  0%| F|  |TAMS 0x0000000093500000, 0x0000000093500000| Untracked 
| 262|0x0000000093600000, 0x0000000093600000, 0x0000000093700000|  0%| F|  |TAMS 0x0000000093600000, 0x0000000093600000| Untracked 
| 263|0x0000000093700000, 0x0000000093700000, 0x0000000093800000|  0%| F|  |TAMS 0x0000000093700000, 0x0000000093700000| Untracked 
| 264|0x0000000093800000, 0x0000000093800000, 0x0000000093900000|  0%| F|  |TAMS 0x0000000093800000, 0x0000000093800000| Untracked 
| 265|0x0000000093900000, 0x0000000093900000, 0x0000000093a00000|  0%| F|  |TAMS 0x0000000093900000, 0x0000000093900000| Untracked 
| 266|0x0000000093a00000, 0x0000000093a00000, 0x0000000093b00000|  0%| F|  |TAMS 0x0000000093a00000, 0x0000000093a00000| Untracked 
| 267|0x0000000093b00000, 0x0000000093b00000, 0x0000000093c00000|  0%| F|  |TAMS 0x0000000093b00000, 0x0000000093b00000| Untracked 
| 268|0x0000000093c00000, 0x0000000093c00000, 0x0000000093d00000|  0%| F|  |TAMS 0x0000000093c00000, 0x0000000093c00000| Untracked 
| 269|0x0000000093d00000, 0x0000000093d00000, 0x0000000093e00000|  0%| F|  |TAMS 0x0000000093d00000, 0x0000000093d00000| Untracked 
| 270|0x0000000093e00000, 0x0000000093e00000, 0x0000000093f00000|  0%| F|  |TAMS 0x0000000093e00000, 0x0000000093e00000| Untracked 
| 271|0x0000000093f00000, 0x0000000093f00000, 0x0000000094000000|  0%| F|  |TAMS 0x0000000093f00000, 0x0000000093f00000| Untracked 
| 272|0x0000000094000000, 0x0000000094000000, 0x0000000094100000|  0%| F|  |TAMS 0x0000000094000000, 0x0000000094000000| Untracked 
| 273|0x0000000094100000, 0x0000000094100000, 0x0000000094200000|  0%| F|  |TAMS 0x0000000094100000, 0x0000000094100000| Untracked 
| 274|0x0000000094200000, 0x0000000094200000, 0x0000000094300000|  0%| F|  |TAMS 0x0000000094200000, 0x0000000094200000| Untracked 
| 275|0x0000000094300000, 0x0000000094300000, 0x0000000094400000|  0%| F|  |TAMS 0x0000000094300000, 0x0000000094300000| Untracked 
| 276|0x0000000094400000, 0x0000000094400000, 0x0000000094500000|  0%| F|  |TAMS 0x0000000094400000, 0x0000000094400000| Untracked 
| 277|0x0000000094500000, 0x0000000094500000, 0x0000000094600000|  0%| F|  |TAMS 0x0000000094500000, 0x0000000094500000| Untracked 
| 278|0x0000000094600000, 0x0000000094600000, 0x0000000094700000|  0%| F|  |TAMS 0x0000000094600000, 0x0000000094600000| Untracked 
| 279|0x0000000094700000, 0x0000000094700000, 0x0000000094800000|  0%| F|  |TAMS 0x0000000094700000, 0x0000000094700000| Untracked 
| 280|0x0000000094800000, 0x0000000094800000, 0x0000000094900000|  0%| F|  |TAMS 0x0000000094800000, 0x0000000094800000| Untracked 
| 281|0x0000000094900000, 0x0000000094900000, 0x0000000094a00000|  0%| F|  |TAMS 0x0000000094900000, 0x0000000094900000| Untracked 
| 282|0x0000000094a00000, 0x0000000094a00000, 0x0000000094b00000|  0%| F|  |TAMS 0x0000000094a00000, 0x0000000094a00000| Untracked 
| 283|0x0000000094b00000, 0x0000000094b00000, 0x0000000094c00000|  0%| F|  |TAMS 0x0000000094b00000, 0x0000000094b00000| Untracked 
| 284|0x0000000094c00000, 0x0000000094c00000, 0x0000000094d00000|  0%| F|  |TAMS 0x0000000094c00000, 0x0000000094c00000| Untracked 
| 285|0x0000000094d00000, 0x0000000094d00000, 0x0000000094e00000|  0%| F|  |TAMS 0x0000000094d00000, 0x0000000094d00000| Untracked 
| 286|0x0000000094e00000, 0x0000000094e00000, 0x0000000094f00000|  0%| F|  |TAMS 0x0000000094e00000, 0x0000000094e00000| Untracked 
| 287|0x0000000094f00000, 0x0000000094f00000, 0x0000000095000000|  0%| F|  |TAMS 0x0000000094f00000, 0x0000000094f00000| Untracked 
| 288|0x0000000095000000, 0x0000000095000000, 0x0000000095100000|  0%| F|  |TAMS 0x0000000095000000, 0x0000000095000000| Untracked 
| 289|0x0000000095100000, 0x0000000095100000, 0x0000000095200000|  0%| F|  |TAMS 0x0000000095100000, 0x0000000095100000| Untracked 
| 290|0x0000000095200000, 0x0000000095200000, 0x0000000095300000|  0%| F|  |TAMS 0x0000000095200000, 0x0000000095200000| Untracked 
| 291|0x0000000095300000, 0x0000000095300000, 0x0000000095400000|  0%| F|  |TAMS 0x0000000095300000, 0x0000000095300000| Untracked 
| 292|0x0000000095400000, 0x0000000095400000, 0x0000000095500000|  0%| F|  |TAMS 0x0000000095400000, 0x0000000095400000| Untracked 
| 293|0x0000000095500000, 0x0000000095500000, 0x0000000095600000|  0%| F|  |TAMS 0x0000000095500000, 0x0000000095500000| Untracked 
| 294|0x0000000095600000, 0x0000000095600000, 0x0000000095700000|  0%| F|  |TAMS 0x0000000095600000, 0x0000000095600000| Untracked 
| 295|0x0000000095700000, 0x0000000095700000, 0x0000000095800000|  0%| F|  |TAMS 0x0000000095700000, 0x0000000095700000| Untracked 
| 296|0x0000000095800000, 0x0000000095800000, 0x0000000095900000|  0%| F|  |TAMS 0x0000000095800000, 0x0000000095800000| Untracked 
| 297|0x0000000095900000, 0x0000000095900000, 0x0000000095a00000|  0%| F|  |TAMS 0x0000000095900000, 0x0000000095900000| Untracked 
| 298|0x0000000095a00000, 0x0000000095a00000, 0x0000000095b00000|  0%| F|  |TAMS 0x0000000095a00000, 0x0000000095a00000| Untracked 
| 299|0x0000000095b00000, 0x0000000095b00000, 0x0000000095c00000|  0%| F|  |TAMS 0x0000000095b00000, 0x0000000095b00000| Untracked 
| 300|0x0000000095c00000, 0x0000000095c00000, 0x0000000095d00000|  0%| F|  |TAMS 0x0000000095c00000, 0x0000000095c00000| Untracked 
| 301|0x0000000095d00000, 0x0000000095d00000, 0x0000000095e00000|  0%| F|  |TAMS 0x0000000095d00000, 0x0000000095d00000| Untracked 
|1998|0x00000000ffe00000, 0x00000000fff00000, 0x00000000fff00000|100%| O|  |TAMS 0x00000000fff00000, 0x00000000ffe00000| Untracked 
|1999|0x00000000fff00000, 0x0000000100000000, 0x0000000100000000|100%| O|  |TAMS 0x0000000100000000, 0x00000000fff00000| Untracked 

Card table byte_map: [0x0000011b1e7a0000,0x0000011b1eb90000] _byte_map_base: 0x0000011b1e388000

Marking Bits (Prev, Next): (CMBitMap*) 0x0000011b0bf35a70, (CMBitMap*) 0x0000011b0bf35ab0
 Prev Bits: [0x0000011b1ef80000, 0x0000011b20ec0000)
 Next Bits: [0x0000011b20ec0000, 0x0000011b22e00000)

Polling page: 0x0000011b0b6b0000

Metaspace:

Usage:
  Non-class:     84.24 MB used.
      Class:      9.77 MB used.
       Both:     94.01 MB used.

Virtual space:
  Non-class space:       88.00 MB reserved,      84.44 MB ( 96%) committed,  11 nodes.
      Class space:        1.00 GB reserved,      10.00 MB ( <1%) committed,  1 nodes.
             Both:        1.09 GB reserved,      94.44 MB (  8%) committed. 

Chunk freelists:
   Non-Class:  3.05 MB
       Class:  1.98 MB
        Both:  5.03 MB

MaxMetaspaceSize: unlimited
CompressedClassSpaceSize: 1.00 GB
Initial GC threshold: 21.00 MB
Current GC threshold: 105.56 MB
CDS: off
MetaspaceReclaimPolicy: balanced
 - commit_granule_bytes: 65536.
 - commit_granule_words: 8192.
 - virtual_space_node_default_size: 1048576.
 - enlarge_chunks_in_place: 1.
 - new_chunks_are_fully_committed: 0.
 - uncommit_free_chunks: 1.
 - use_allocation_guard: 0.
 - handle_deallocations: 1.


Internal statistics:

num_allocs_failed_limit: 3.
num_arena_births: 514.
num_arena_deaths: 0.
num_vsnodes_births: 12.
num_vsnodes_deaths: 0.
num_space_committed: 1509.
num_space_uncommitted: 0.
num_chunks_returned_to_freelist: 3.
num_chunks_taken_from_freelist: 3755.
num_chunk_merges: 3.
num_chunk_splits: 3007.
num_chunks_enlarged: 2587.
num_purges: 0.
num_inconsistent_stats: 0.

CodeHeap 'non-profiled nmethods': size=120000Kb used=11475Kb max_used=12013Kb free=108524Kb
 bounds [0x0000011b16e80000, 0x0000011b17a50000, 0x0000011b1e3b0000]
CodeHeap 'profiled nmethods': size=120000Kb used=60695Kb max_used=61011Kb free=59305Kb
 bounds [0x0000011b0f3b0000, 0x0000011b12f50000, 0x0000011b168e0000]
CodeHeap 'non-nmethods': size=5760Kb used=1433Kb max_used=1493Kb free=4326Kb
 bounds [0x0000011b168e0000, 0x0000011b16b50000, 0x0000011b16e80000]
 total_blobs=20003 nmethods=19252 adapters=659
 compilation: enabled
              stopped_count=0, restarted_count=0
 full_count=0

Compilation events (20 events):
Event: 33.100 Thread 0x0000011b65d26b00 24097       2       org.jetbrains.kotlin.backend.jvm.ir.JvmIrUtilsKt::getPropertyIfAccessor (57 bytes)
Event: 33.101 Thread 0x0000011b65d26b00 nmethod 24097 0x0000011b1025fb90 code [0x0000011b1025fd80, 0x0000011b10260198]
Event: 33.102 Thread 0x0000011b65d26b00 24098       2       org.jetbrains.kotlin.backend.jvm.ir.JvmIrUtilsKt::getPsiElement (42 bytes)
Event: 33.103 Thread 0x0000011b65d26b00 nmethod 24098 0x0000011b11e3aa10 code [0x0000011b11e3ac20, 0x0000011b11e3aff8]
Event: 33.107 Thread 0x0000011b65d26b00 24099       2       org.jetbrains.kotlin.metadata.jvm.JvmProtoBuf$StringTableTypes::getSerializedSize (148 bytes)
Event: 33.108 Thread 0x0000011b65d26b00 nmethod 24099 0x0000011b11e5f410 code [0x0000011b11e5f660, 0x0000011b11e5fc08]
Event: 33.108 Thread 0x0000011b65d26b00 24100       1       org.jetbrains.kotlin.metadata.jvm.serialization.JvmStringTable::getStrings (5 bytes)
Event: 33.108 Thread 0x0000011b65d26b00 nmethod 24100 0x0000011b172b3510 code [0x0000011b172b36a0, 0x0000011b172b3778]
Event: 33.108 Thread 0x0000011b65d26b00 24101       2       org.jetbrains.kotlin.backend.jvm.codegen.ClassCodegen$generateInnerAndOuterClasses$$inlined$sortedBy$1::compare (69 bytes)
Event: 33.109 Thread 0x0000011b65d26b00 nmethod 24101 0x0000011b11e1c810 code [0x0000011b11e1ca20, 0x0000011b11e1ce28]
Event: 33.127 Thread 0x0000011b683ce600 nmethod 24042 0x0000011b17322290 code [0x0000011b17322580, 0x0000011b17325328]
Event: 33.127 Thread 0x0000011b683ce600 24043       4       org.jetbrains.org.objectweb.asm.Frame::merge (320 bytes)
Event: 33.135 Thread 0x0000011b683ce600 nmethod 24043 0x0000011b17321310 code [0x0000011b173214c0, 0x0000011b17321a98]
Event: 33.135 Thread 0x0000011b683ce600 24037 % !   4       org.jetbrains.kotlin.codegen.optimization.common.FastMethodAnalyzer::analyze @ 140 (796 bytes)
Event: 33.142 Thread 0x0000011b65d26200 nmethod 23922 0x0000011b17a39d90 code [0x0000011b17a3a300, 0x0000011b17a420a8]
Event: 33.143 Thread 0x0000011b65d26200 24039 %     4       org.jetbrains.org.objectweb.asm.tree.InsnList::resetLabels @ 5 (32 bytes)
Event: 33.145 Thread 0x0000011b65d26200 nmethod 24039% 0x0000011b172b3110 code [0x0000011b172b3280, 0x0000011b172b33b8]
Event: 33.145 Thread 0x0000011b65d26200 24040       4       org.jetbrains.org.objectweb.asm.tree.MethodNode::accept (874 bytes)
Event: 33.147 Thread 0x0000011b65d26b00 24102       2       org.jetbrains.kotlin.backend.jvm.mapping.IrTypeMapper::classInternalName (101 bytes)
Event: 33.148 Thread 0x0000011b65d26b00 nmethod 24102 0x0000011b11e6d910 code [0x0000011b11e6dbe0, 0x0000011b11e6e3e8]

GC Heap History (20 events):
Event: 17.978 GC heap after
{Heap after GC invocations=33 (full 0):
 garbage-first heap   total 311296K, used 99934K [0x0000000083000000, 0x0000000100000000)
  region size 1024K, 15 young (15360K), 15 survivors (15360K)
 Metaspace       used 65655K, committed 65920K, reserved 1114112K
  class space    used 7366K, committed 7488K, reserved 1048576K
}
Event: 18.007 GC heap before
{Heap before GC invocations=33 (full 0):
 garbage-first heap   total 311296K, used 100958K [0x0000000083000000, 0x0000000100000000)
  region size 1024K, 16 young (16384K), 15 survivors (15360K)
 Metaspace       used 65659K, committed 65920K, reserved 1114112K
  class space    used 7366K, committed 7488K, reserved 1048576K
}
Event: 18.022 GC heap after
{Heap after GC invocations=34 (full 0):
 garbage-first heap   total 311296K, used 101141K [0x0000000083000000, 0x0000000100000000)
  region size 1024K, 2 young (2048K), 2 survivors (2048K)
 Metaspace       used 65659K, committed 65920K, reserved 1114112K
  class space    used 7366K, committed 7488K, reserved 1048576K
}
Event: 21.333 GC heap before
{Heap before GC invocations=34 (full 0):
 garbage-first heap   total 311296K, used 234261K [0x0000000083000000, 0x0000000100000000)
  region size 1024K, 132 young (135168K), 2 survivors (2048K)
 Metaspace       used 69206K, committed 69568K, reserved 1114112K
  class space    used 7693K, committed 7872K, reserved 1048576K
}
Event: 21.344 GC heap after
{Heap after GC invocations=35 (full 0):
 garbage-first heap   total 311296K, used 105683K [0x0000000083000000, 0x0000000100000000)
  region size 1024K, 9 young (9216K), 9 survivors (9216K)
 Metaspace       used 69206K, committed 69568K, reserved 1114112K
  class space    used 7693K, committed 7872K, reserved 1048576K
}
Event: 23.932 GC heap before
{Heap before GC invocations=35 (full 0):
 garbage-first heap   total 311296K, used 238803K [0x0000000083000000, 0x0000000100000000)
  region size 1024K, 139 young (142336K), 9 survivors (9216K)
 Metaspace       used 76995K, committed 77376K, reserved 1122304K
  class space    used 8448K, committed 8640K, reserved 1048576K
}
Event: 23.982 GC heap after
{Heap after GC invocations=36 (full 0):
 garbage-first heap   total 311296K, used 126922K [0x0000000083000000, 0x0000000100000000)
  region size 1024K, 18 young (18432K), 18 survivors (18432K)
 Metaspace       used 76995K, committed 77376K, reserved 1122304K
  class space    used 8448K, committed 8640K, reserved 1048576K
}
Event: 25.804 GC heap before
{Heap before GC invocations=36 (full 0):
 garbage-first heap   total 311296K, used 239562K [0x0000000083000000, 0x0000000100000000)
  region size 1024K, 128 young (131072K), 18 survivors (18432K)
 Metaspace       used 81082K, committed 81472K, reserved 1122304K
  class space    used 8841K, committed 9024K, reserved 1048576K
}
Event: 25.862 GC heap after
{Heap after GC invocations=37 (full 0):
 garbage-first heap   total 311296K, used 154005K [0x0000000083000000, 0x0000000100000000)
  region size 1024K, 16 young (16384K), 16 survivors (16384K)
 Metaspace       used 81082K, committed 81472K, reserved 1122304K
  class space    used 8841K, committed 9024K, reserved 1048576K
}
Event: 28.110 GC heap before
{Heap before GC invocations=37 (full 0):
 garbage-first heap   total 311296K, used 241045K [0x0000000083000000, 0x0000000100000000)
  region size 1024K, 101 young (103424K), 16 survivors (16384K)
 Metaspace       used 89242K, committed 89664K, reserved 1130496K
  class space    used 9565K, committed 9792K, reserved 1048576K
}
Event: 28.134 GC heap after
{Heap after GC invocations=38 (full 0):
 garbage-first heap   total 311296K, used 159690K [0x0000000083000000, 0x0000000100000000)
  region size 1024K, 6 young (6144K), 6 survivors (6144K)
 Metaspace       used 89242K, committed 89664K, reserved 1130496K
  class space    used 9565K, committed 9792K, reserved 1048576K
}
Event: 29.902 GC heap before
{Heap before GC invocations=38 (full 0):
 garbage-first heap   total 311296K, used 245706K [0x0000000083000000, 0x0000000100000000)
  region size 1024K, 90 young (92160K), 6 survivors (6144K)
 Metaspace       used 92181K, committed 92608K, reserved 1138688K
  class space    used 9778K, committed 9984K, reserved 1048576K
}
Event: 29.917 GC heap after
{Heap after GC invocations=39 (full 0):
 garbage-first heap   total 311296K, used 163046K [0x0000000083000000, 0x0000000100000000)
  region size 1024K, 9 young (9216K), 9 survivors (9216K)
 Metaspace       used 92181K, committed 92608K, reserved 1138688K
  class space    used 9778K, committed 9984K, reserved 1048576K
}
Event: 31.713 GC heap before
{Heap before GC invocations=39 (full 0):
 garbage-first heap   total 311296K, used 251110K [0x0000000083000000, 0x0000000100000000)
  region size 1024K, 95 young (97280K), 9 survivors (9216K)
 Metaspace       used 95818K, committed 96192K, reserved 1138688K
  class space    used 10002K, committed 10176K, reserved 1048576K
}
Event: 31.739 GC heap after
{Heap after GC invocations=40 (full 0):
 garbage-first heap   total 311296K, used 169607K [0x0000000083000000, 0x0000000100000000)
  region size 1024K, 10 young (10240K), 10 survivors (10240K)
 Metaspace       used 95818K, committed 96192K, reserved 1138688K
  class space    used 10002K, committed 10176K, reserved 1048576K
}
Event: 32.452 GC heap before
{Heap before GC invocations=40 (full 0):
 garbage-first heap   total 311296K, used 254599K [0x0000000083000000, 0x0000000100000000)
  region size 1024K, 93 young (95232K), 10 survivors (10240K)
 Metaspace       used 96178K, committed 96576K, reserved 1138688K
  class space    used 10006K, committed 10240K, reserved 1048576K
}
Event: 32.471 GC heap after
{Heap after GC invocations=41 (full 0):
 garbage-first heap   total 311296K, used 174392K [0x0000000083000000, 0x0000000100000000)
  region size 1024K, 11 young (11264K), 11 survivors (11264K)
 Metaspace       used 96178K, committed 96576K, reserved 1138688K
  class space    used 10006K, committed 10240K, reserved 1048576K
}
Event: 32.742 GC heap before
{Heap before GC invocations=41 (full 0):
 garbage-first heap   total 311296K, used 257336K [0x0000000083000000, 0x0000000100000000)
  region size 1024K, 92 young (94208K), 11 survivors (11264K)
 Metaspace       used 96212K, committed 96640K, reserved 1138688K
  class space    used 10006K, committed 10240K, reserved 1048576K
}
Event: 32.758 GC heap after
{Heap after GC invocations=42 (full 0):
 garbage-first heap   total 311296K, used 179522K [0x0000000083000000, 0x0000000100000000)
  region size 1024K, 11 young (11264K), 11 survivors (11264K)
 Metaspace       used 96212K, committed 96640K, reserved 1138688K
  class space    used 10006K, committed 10240K, reserved 1048576K
}
Event: 33.167 GC heap before
{Heap before GC invocations=42 (full 0):
 garbage-first heap   total 311296K, used 257346K [0x0000000083000000, 0x0000000100000000)
  region size 1024K, 87 young (89088K), 11 survivors (11264K)
 Metaspace       used 96266K, committed 96704K, reserved 1138688K
  class space    used 10006K, committed 10240K, reserved 1048576K
}

Dll operation events (2 events):
Event: 0.006 Loaded shared library C:\Program Files\Android\Android Studio\jbr\bin\java.dll
Event: 1.319 Loaded shared library C:\Program Files\Android\Android Studio\jbr\bin\verify.dll

Deoptimization events (20 events):
Event: 33.098 Thread 0x0000011b0bed8730 DEOPT PACKING pc=0x0000011b12df4cc1 sp=0x00000001006fd360
Event: 33.098 Thread 0x0000011b0bed8730 DEOPT UNPACKING pc=0x0000011b1693ace3 sp=0x00000001006fc810 mode 0
Event: 33.098 Thread 0x0000011b0bed8730 DEOPT PACKING pc=0x0000011b12df4cc1 sp=0x00000001006fd360
Event: 33.098 Thread 0x0000011b0bed8730 DEOPT UNPACKING pc=0x0000011b1693ace3 sp=0x00000001006fc810 mode 0
Event: 33.098 Thread 0x0000011b0bed8730 DEOPT PACKING pc=0x0000011b12df4cc1 sp=0x00000001006fd360
Event: 33.098 Thread 0x0000011b0bed8730 DEOPT UNPACKING pc=0x0000011b1693ace3 sp=0x00000001006fc810 mode 0
Event: 33.098 Thread 0x0000011b0bed8730 DEOPT PACKING pc=0x0000011b12df4cc1 sp=0x00000001006fd360
Event: 33.098 Thread 0x0000011b0bed8730 DEOPT UNPACKING pc=0x0000011b1693ace3 sp=0x00000001006fc810 mode 0
Event: 33.099 Thread 0x0000011b0bed8730 DEOPT PACKING pc=0x0000011b12df4cc1 sp=0x00000001006fd360
Event: 33.099 Thread 0x0000011b0bed8730 DEOPT UNPACKING pc=0x0000011b1693ace3 sp=0x00000001006fc810 mode 0
Event: 33.099 Thread 0x0000011b0bed8730 DEOPT PACKING pc=0x0000011b12df4cc1 sp=0x00000001006fd360
Event: 33.099 Thread 0x0000011b0bed8730 DEOPT UNPACKING pc=0x0000011b1693ace3 sp=0x00000001006fc810 mode 0
Event: 33.142 Thread 0x0000011b0bed8730 Uncommon trap: trap_request=0xffffff66 fr.pc=0x0000011b17a3f2ec relative=0x0000000000004fec
Event: 33.142 Thread 0x0000011b0bed8730 Uncommon trap: reason=speculate_class_check action=maybe_recompile pc=0x0000011b17a3f2ec method=org.jetbrains.kotlin.backend.jvm.JvmBackendContext.getLocalClassType(Lorg/jetbrains/kotlin/ir/declarations/IrAttributeContainer;)Lorg/jetbrains/org/objectweb/a
Event: 33.142 Thread 0x0000011b0bed8730 DEOPT PACKING pc=0x0000011b17a3f2ec sp=0x00000001006fcd00
Event: 33.142 Thread 0x0000011b0bed8730 DEOPT UNPACKING pc=0x0000011b1693a1a3 sp=0x00000001006fcc20 mode 2
Event: 33.142 Thread 0x0000011b0bed8730 Uncommon trap: trap_request=0xffffff66 fr.pc=0x0000011b17a3f2ec relative=0x0000000000004fec
Event: 33.142 Thread 0x0000011b0bed8730 Uncommon trap: reason=speculate_class_check action=maybe_recompile pc=0x0000011b17a3f2ec method=org.jetbrains.kotlin.backend.jvm.JvmBackendContext.getLocalClassType(Lorg/jetbrains/kotlin/ir/declarations/IrAttributeContainer;)Lorg/jetbrains/org/objectweb/a
Event: 33.142 Thread 0x0000011b0bed8730 DEOPT PACKING pc=0x0000011b17a3f2ec sp=0x00000001006fc9e0
Event: 33.142 Thread 0x0000011b0bed8730 DEOPT UNPACKING pc=0x0000011b1693a1a3 sp=0x00000001006fc900 mode 2

Classes unloaded (0 events):
No events

Classes redefined (0 events):
No events

Internal exceptions (20 events):
Event: 15.865 Thread 0x0000011b0bed8730 Implicit null exception at 0x0000011b173c11bf to 0x0000011b173c2c04
Event: 17.940 Thread 0x0000011b0bed8730 Implicit null exception at 0x0000011b17428c18 to 0x0000011b1742d4e4
Event: 17.941 Thread 0x0000011b0bed8730 Implicit null exception at 0x0000011b172c017c to 0x0000011b172c0248
Event: 20.308 Thread 0x0000011b0bed8730 Implicit null exception at 0x0000011b16f26b8c to 0x0000011b16f26d9c
Event: 20.892 Thread 0x0000011b0bed8730 Implicit null exception at 0x0000011b174359e1 to 0x0000011b17435d08
Event: 20.893 Thread 0x0000011b0bed8730 Implicit null exception at 0x0000011b1709d05b to 0x0000011b1709d2fc
Event: 21.254 Thread 0x0000011b0bed8730 Exception <a 'java/lang/NoSuchMethodError'{0x000000008dd1d0e0}: 'java.lang.Object java.lang.invoke.DirectMethodHandle$Holder.invokeStaticInit(java.lang.Object, java.lang.Object, java.lang.Object, java.lang.Object)'> (0x000000008dd1d0e0) 
thrown [s\src\hotspot\share\interpreter\linkResolver.cpp, line 771]
Event: 21.558 Thread 0x0000011b0bed8730 Exception <a 'java/lang/NoSuchMethodError'{0x0000000095182410}: 'java.lang.Object java.lang.invoke.DirectMethodHandle$Holder.newInvokeSpecial(java.lang.Object, java.lang.Object, java.lang.Object, int, int)'> (0x0000000095182410) 
thrown [s\src\hotspot\share\interpreter\linkResolver.cpp, line 771]
Event: 21.558 Thread 0x0000011b0bed8730 Exception <a 'java/lang/NoSuchMethodError'{0x0000000095186250}: 'java.lang.Object java.lang.invoke.DirectMethodHandle$Holder.invokeSpecial(java.lang.Object, java.lang.Object, java.lang.Object, java.lang.Object, int, int)'> (0x0000000095186250) 
thrown [s\src\hotspot\share\interpreter\linkResolver.cpp, line 771]
Event: 21.918 Thread 0x0000011b0bed8730 Exception <a 'java/lang/NoSuchMethodError'{0x00000000945d4ea0}: 'java.lang.Object java.lang.invoke.DirectMethodHandle$Holder.newInvokeSpecial(java.lang.Object, java.lang.Object, int, int, java.lang.Object, java.lang.Object, java.lang.Object)'> (0x00000000945d4ea0) 
thrown [s\src\hotspot\share\interpreter\linkResolver.cpp, line 771]
Event: 21.919 Thread 0x0000011b0bed8730 Exception <a 'java/lang/NoSuchMethodError'{0x00000000945d94a0}: 'java.lang.Object java.lang.invoke.DirectMethodHandle$Holder.invokeSpecial(java.lang.Object, java.lang.Object, java.lang.Object, int, int, java.lang.Object, java.lang.Object, java.lang.Object)'> (0x00000000945d94a0) 
thrown [s\src\hotspot\share\interpreter\linkResolver.cpp, line 771]
Event: 21.923 Thread 0x0000011b0bed8730 Exception <a 'java/lang/NoSuchMethodError'{0x00000000945f6e38}: 'java.lang.Object java.lang.invoke.DirectMethodHandle$Holder.invokeSpecial(java.lang.Object, java.lang.Object, int, int, java.lang.Object, java.lang.Object, java.lang.Object, java.lang.Object, java.lang.Object)'> (0x00000000945f6e38) 
thrown [s\src\hotspot\share\interpreter\linkResolver.cpp, line 771]
Event: 22.223 Thread 0x0000011b0bed8730 Exception <a 'java/lang/NoSuchMethodError'{0x0000000093e10550}: 'java.lang.Object java.lang.invoke.DirectMethodHandle$Holder.invokeStatic(java.lang.Object, java.lang.Object, java.lang.Object, int, int, java.lang.Object, java.lang.Object, java.lang.Object, java.lang.Object)'> (0x0000000093e10550) 
thrown [s\src\hotspot\share\interpreter\linkResolver.cpp, line 771]
Event: 22.224 Thread 0x0000011b0bed8730 Exception <a 'java/lang/NoSuchMethodError'{0x0000000093e1a818}: 'java.lang.Object java.lang.invoke.DirectMethodHandle$Holder.newInvokeSpecial(java.lang.Object, java.lang.Object, java.lang.Object, int, int, java.lang.Object)'> (0x0000000093e1a818) 
thrown [s\src\hotspot\share\interpreter\linkResolver.cpp, line 771]
Event: 22.225 Thread 0x0000011b0bed8730 Exception <a 'java/lang/NoSuchMethodError'{0x0000000093e221b8}: 'java.lang.Object java.lang.invoke.Invokers$Holder.linkToTargetMethod(java.lang.Object, java.lang.Object, int, int, java.lang.Object, java.lang.Object)'> (0x0000000093e221b8) 
thrown [s\src\hotspot\share\interpreter\linkResolver.cpp, line 771]
Event: 26.086 Thread 0x0000011b0bed8730 Implicit null exception at 0x0000011b177daa02 to 0x0000011b177dad4c
Event: 26.178 Thread 0x0000011b0bed8730 Implicit null exception at 0x0000011b17735748 to 0x0000011b17736848
Event: 27.379 Thread 0x0000011b0bed8730 Implicit null exception at 0x0000011b16f9d067 to 0x0000011b16f9d126
Event: 27.380 Thread 0x0000011b0bed8730 Implicit null exception at 0x0000011b176fd4bb to 0x0000011b176fe4c8
Event: 28.368 Thread 0x0000011b0bed8730 Implicit null exception at 0x0000011b17381b44 to 0x0000011b17382378

VM Operations (20 events):
Event: 31.364 Executing VM operation: HandshakeAllThreads done
Event: 31.526 Executing VM operation: ICBufferFull
Event: 31.526 Executing VM operation: ICBufferFull done
Event: 31.713 Executing VM operation: G1CollectForAllocation
Event: 31.739 Executing VM operation: G1CollectForAllocation done
Event: 32.072 Executing VM operation: ICBufferFull
Event: 32.073 Executing VM operation: ICBufferFull done
Event: 32.435 Executing VM operation: ICBufferFull
Event: 32.435 Executing VM operation: ICBufferFull done
Event: 32.452 Executing VM operation: G1CollectForAllocation
Event: 32.471 Executing VM operation: G1CollectForAllocation done
Event: 32.737 Executing VM operation: HandshakeAllThreads
Event: 32.737 Executing VM operation: HandshakeAllThreads done
Event: 32.742 Executing VM operation: G1CollectForAllocation
Event: 32.758 Executing VM operation: G1CollectForAllocation done
Event: 33.067 Executing VM operation: HandshakeAllThreads
Event: 33.067 Executing VM operation: HandshakeAllThreads done
Event: 33.142 Executing VM operation: HandshakeAllThreads
Event: 33.142 Executing VM operation: HandshakeAllThreads done
Event: 33.166 Executing VM operation: G1CollectForAllocation

Events (20 events):
Event: 33.154 Thread 0x0000011b65d29500 flushing nmethod 0x0000011b0fc42910
Event: 33.154 Thread 0x0000011b65d29500 flushing nmethod 0x0000011b0fc46c10
Event: 33.155 Thread 0x0000011b65d29500 flushing nmethod 0x0000011b0fcfcd90
Event: 33.155 Thread 0x0000011b65d29500 flushing nmethod 0x0000011b0fd01210
Event: 33.155 Thread 0x0000011b65d29500 flushing nmethod 0x0000011b0fd6c710
Event: 33.155 Thread 0x0000011b65d29500 flushing nmethod 0x0000011b0fdb3f90
Event: 33.156 Thread 0x0000011b65d29500 flushing nmethod 0x0000011b0fe81d10
Event: 33.157 Thread 0x0000011b65d29500 flushing nmethod 0x0000011b0ff9dc10
Event: 33.157 Thread 0x0000011b65d29500 flushing nmethod 0x0000011b100dfb10
Event: 33.158 Thread 0x0000011b65d29500 flushing nmethod 0x0000011b1010cd10
Event: 33.159 Thread 0x0000011b65d29500 flushing nmethod 0x0000011b102ba610
Event: 33.161 Thread 0x0000011b65d29500 flushing nmethod 0x0000011b10738090
Event: 33.163 Thread 0x0000011b65d29500 flushing nmethod 0x0000011b108ea390
Event: 33.163 Thread 0x0000011b65d29500 flushing nmethod 0x0000011b108fac90
Event: 33.164 Thread 0x0000011b65d29500 flushing nmethod 0x0000011b10b7aa90
Event: 33.164 Thread 0x0000011b65d29500 flushing nmethod 0x0000011b10ba5490
Event: 33.165 Thread 0x0000011b65d29500 flushing nmethod 0x0000011b10bfb890
Event: 33.165 Thread 0x0000011b65d29500 flushing nmethod 0x0000011b10c99910
Event: 33.166 Thread 0x0000011b65d29500 flushing nmethod 0x0000011b10e30f90
Event: 33.166 Thread 0x0000011b65d29500 flushing nmethod 0x0000011b10ec5c90


Dynamic libraries:
0x00007ff605e60000 - 0x00007ff605e6a000 	C:\Program Files\Android\Android Studio\jbr\bin\java.exe
0x00007ffef0210000 - 0x00007ffef0408000 	C:\WINDOWS\SYSTEM32\ntdll.dll
0x00007ffeeebb0000 - 0x00007ffeeec6d000 	C:\WINDOWS\System32\KERNEL32.DLL
0x00007ffeedb50000 - 0x00007ffeede46000 	C:\WINDOWS\System32\KERNELBASE.dll
0x00007ffeee170000 - 0x00007ffeee270000 	C:\WINDOWS\System32\ucrtbase.dll
0x00007ffee74e0000 - 0x00007ffee74f7000 	C:\Program Files\Android\Android Studio\jbr\bin\jli.dll
0x00007ffec7660000 - 0x00007ffec767b000 	C:\Program Files\Android\Android Studio\jbr\bin\VCRUNTIME140.dll
0x00007ffeee400000 - 0x00007ffeee59e000 	C:\WINDOWS\System32\USER32.dll
0x00007ffeee020000 - 0x00007ffeee042000 	C:\WINDOWS\System32\win32u.dll
0x00007ffedcd70000 - 0x00007ffedd00a000 	C:\WINDOWS\WinSxS\amd64_microsoft.windows.common-controls_6595b64144ccf1df_6.0.19041.3636_none_60b6a03d71f818d5\COMCTL32.dll
0x00007ffeee950000 - 0x00007ffeee97c000 	C:\WINDOWS\System32\GDI32.dll
0x00007ffef0130000 - 0x00007ffef01ce000 	C:\WINDOWS\System32\msvcrt.dll
0x00007ffeee050000 - 0x00007ffeee16a000 	C:\WINDOWS\System32\gdi32full.dll
0x00007ffeedf80000 - 0x00007ffeee01d000 	C:\WINDOWS\System32\msvcp_win.dll
0x00007ffeef420000 - 0x00007ffeef450000 	C:\WINDOWS\System32\IMM32.DLL
0x00007ffedfb80000 - 0x00007ffedfb8c000 	C:\Program Files\Android\Android Studio\jbr\bin\vcruntime140_1.dll
0x00007ffebefd0000 - 0x00007ffebf05d000 	C:\Program Files\Android\Android Studio\jbr\bin\msvcp140.dll
0x00007ffeaf610000 - 0x00007ffeb027e000 	C:\Program Files\Android\Android Studio\jbr\bin\server\jvm.dll
0x00007ffeee9e0000 - 0x00007ffeeea8f000 	C:\WINDOWS\System32\ADVAPI32.dll
0x00007ffeeea90000 - 0x00007ffeeeb2c000 	C:\WINDOWS\System32\sechost.dll
0x00007ffeee270000 - 0x00007ffeee396000 	C:\WINDOWS\System32\RPCRT4.dll
0x00007ffed7f90000 - 0x00007ffed7f99000 	C:\WINDOWS\SYSTEM32\WSOCK32.dll
0x00007ffeeef40000 - 0x00007ffeeefab000 	C:\WINDOWS\System32\WS2_32.dll
0x00007ffee5c50000 - 0x00007ffee5c5a000 	C:\WINDOWS\SYSTEM32\VERSION.dll
0x00007ffedc830000 - 0x00007ffedc857000 	C:\WINDOWS\SYSTEM32\WINMM.dll
0x00007ffeec140000 - 0x00007ffeec152000 	C:\WINDOWS\SYSTEM32\kernel.appcore.dll
0x00007ffeead00000 - 0x00007ffeead0a000 	C:\Program Files\Android\Android Studio\jbr\bin\jimage.dll
0x00007ffeeb6a0000 - 0x00007ffeeb884000 	C:\WINDOWS\SYSTEM32\DBGHELP.DLL
0x00007ffedb0a0000 - 0x00007ffedb0d4000 	C:\WINDOWS\SYSTEM32\dbgcore.DLL
0x00007ffeede80000 - 0x00007ffeedf02000 	C:\WINDOWS\System32\bcryptPrimitives.dll
0x00007ffee8170000 - 0x00007ffee8195000 	C:\Program Files\Android\Android Studio\jbr\bin\java.dll
0x00007ffee7d50000 - 0x00007ffee7d68000 	C:\Program Files\Android\Android Studio\jbr\bin\zip.dll
0x00007ffeef8c0000 - 0x00007ffef0004000 	C:\WINDOWS\System32\SHELL32.dll
0x00007ffeeb890000 - 0x00007ffeec02b000 	C:\WINDOWS\SYSTEM32\windows.storage.dll
0x00007ffeef560000 - 0x00007ffeef8b4000 	C:\WINDOWS\System32\combase.dll
0x00007ffeed2c0000 - 0x00007ffeed2ed000 	C:\WINDOWS\SYSTEM32\Wldp.dll
0x00007ffeef4b0000 - 0x00007ffeef55d000 	C:\WINDOWS\System32\SHCORE.dll
0x00007ffeee3a0000 - 0x00007ffeee3f5000 	C:\WINDOWS\System32\shlwapi.dll
0x00007ffeed820000 - 0x00007ffeed845000 	C:\WINDOWS\SYSTEM32\profapi.dll
0x00007ffee7cf0000 - 0x00007ffee7d09000 	C:\Program Files\Android\Android Studio\jbr\bin\net.dll
0x00007ffedf880000 - 0x00007ffedf98a000 	C:\WINDOWS\SYSTEM32\WINHTTP.dll
0x00007ffeecfc0000 - 0x00007ffeed02a000 	C:\WINDOWS\system32\mswsock.dll
0x00007ffee7be0000 - 0x00007ffee7bf6000 	C:\Program Files\Android\Android Studio\jbr\bin\nio.dll
0x00007ffeeacf0000 - 0x00007ffeead00000 	C:\Program Files\Android\Android Studio\jbr\bin\verify.dll

dbghelp: loaded successfully - version: 4.0.5 - missing functions: none
symbol engine: initialized successfully - sym options: 0x614 - pdb path: .;C:\Program Files\Android\Android Studio\jbr\bin;C:\WINDOWS\SYSTEM32;C:\WINDOWS\WinSxS\amd64_microsoft.windows.common-controls_6595b64144ccf1df_6.0.19041.3636_none_60b6a03d71f818d5;C:\Program Files\Android\Android Studio\jbr\bin\server

VM Arguments:
java_command: org.jetbrains.kotlin.cli.jvm.K2JVMCompiler @C:\Users\nadhs\AndroidStudioProjects\Capstone\mobile_repo\Pawra\app\build\20231127_7690788898616934762.compiler.options
java_class_path (initial): C:\Users\nadhs\caches\modules-2\files-2.1\org.jetbrains.kotlin\kotlin-compiler-embeddable\1.9.0\2c8c3a7402becca891f12739b3e9fd2dc2adbd7a\kotlin-compiler-embeddable-1.9.0.jar;C:\Users\nadhs\caches\modules-2\files-2.1\org.jetbrains.kotlin\kotlin-stdlib\1.9.0\8ee15ef0c67dc83d874f412d84378d7f0eb50b63\kotlin-stdlib-1.9.0.jar;C:\Users\nadhs\caches\modules-2\files-2.1\org.jetbrains.kotlin\kotlin-script-runtime\1.9.0\4b3102cbbb7e1b58d9d1adf89563f00069ffa7d1\kotlin-script-runtime-1.9.0.jar;C:\Users\nadhs\caches\modules-2\files-2.1\org.jetbrains.kotlin\kotlin-reflect\1.6.10\1cbe9c92c12a94eea200d23c2bbaedaf3daf5132\kotlin-reflect-1.6.10.jar;C:\Users\nadhs\caches\modules-2\files-2.1\org.jetbrains.kotlin\kotlin-daemon-embeddable\1.9.0\186543f5e28cf8d9a0290fecc2cf34301c40a65c\kotlin-daemon-embeddable-1.9.0.jar;C:\Users\nadhs\caches\modules-2\files-2.1\org.jetbrains.intellij.deps\trove4j\1.0.20200330\3afb14d5f9ceb459d724e907a21145e8ff394f02\trove4j-1.0.20200330.jar;C:\Users\nadhs\caches\modules-2\files-2.1\org.jetbrains.kotlin\kotlin-stdlib-common\1.9.0\cd65c21cfd1eec4d44ef09f9f52b6d9f8a720636\kotlin-stdlib-common-1.9.0.jar;C:\Users\nadhs\caches\modules-2\files-2.1\org.jetbrains\annotations\13.0\919f0dfe192fb4e063e7dacadee7f8bb9a2672a9\annotations-13.0.jar
Launcher Type: SUN_STANDARD

[Global flags]
     intx CICompilerCount                          = 3                                         {product} {ergonomic}
     uint ConcGCThreads                            = 1                                         {product} {ergonomic}
     uint G1ConcRefinementThreads                  = 4                                         {product} {ergonomic}
   size_t G1HeapRegionSize                         = 1048576                                   {product} {ergonomic}
    uintx GCDrainStackTargetSize                   = 64                                        {product} {ergonomic}
   size_t InitialHeapSize                          = 132120576                                 {product} {ergonomic}
   size_t MarkStackSize                            = 4194304                                   {product} {ergonomic}
   size_t MaxHeapSize                              = 2097152000                                {product} {ergonomic}
   size_t MaxNewSize                               = 1258291200                                {product} {ergonomic}
   size_t MinHeapDeltaBytes                        = 1048576                                   {product} {ergonomic}
   size_t MinHeapSize                              = 8388608                                   {product} {ergonomic}
    uintx NonNMethodCodeHeapSize                   = 5832780                                {pd product} {ergonomic}
    uintx NonProfiledCodeHeapSize                  = 122912730                              {pd product} {ergonomic}
    uintx ProfiledCodeHeapSize                     = 122912730                              {pd product} {ergonomic}
    uintx ReservedCodeCacheSize                    = 251658240                              {pd product} {ergonomic}
     bool SegmentedCodeCache                       = true                                      {product} {ergonomic}
   size_t SoftMaxHeapSize                          = 2097152000                             {manageable} {ergonomic}
     bool UseCompressedClassPointers               = true                           {product lp64_product} {ergonomic}
     bool UseCompressedOops                        = true                           {product lp64_product} {ergonomic}
     bool UseG1GC                                  = true                                      {product} {ergonomic}
     bool UseLargePagesIndividualAllocation        = false                                  {pd product} {ergonomic}

Logging:
Log output configuration:
 #0: stdout all=warning uptime,level,tags
 #1: stderr all=off uptime,level,tags

Environment Variables:
JAVA_HOME=C:\Program Files\Zulu\zulu-17\
PATH=C:\Program Files\Zulu\zulu-17\bin\;C:\Program Files (x86)\Common Files\Intel\Shared Libraries\redist\intel64\compiler;C:\Program Files\Common Files\Oracle\Java\javapath;C:\Program Files (x86)\Common Files\Oracle\Java\javapath;C:\WINDOWS\system32;C:\WINDOWS;C:\WINDOWS\System32\Wbem;C:\WINDOWS\System32\WindowsPowerShell\v1.0\;C:\WINDOWS\System32\OpenSSH\;C:\Users\nadhs\AppData\Local\Programs\Python\Python39\Scripts;C:\Users\nadhs\AppData\Local\Programs\Python\Python39;C:\Program Files\nodejs\;C:\Program Files\gradle-8.2.1\bin;C:\Program Files\Git\cmd;C:\Users\nadhs\AppData\Roaming\TinyTeX\bin\win32;C:\Users\nadhs\AppData\Local\Microsoft\WindowsApps;C:\Users\nadhs\AppData\Local\Programs\Microsoft VS Code\bin;C:\Users\nadhs\AppData\Local\Programs\Python\Python39\Scripts;C:\Users\nadhs\AppData\Local\Programs\Python\Python39;C:\Users\nadhs\AppData\Local\Programs\MiKTeX\miktex\bin\x64\;C:\Users\nadhs\AppData\Roaming\npm;C:\Program Files\Java\jdk-1.8\bin;;C:\Program Files\JetBrains\IntelliJ IDEA 2023.2\bin;;C:\Program Files\JetBrains\IntelliJ IDEA Community Edition 2023.2\bin;
USERNAME=nadhs
OS=Windows_NT
PROCESSOR_IDENTIFIER=Intel64 Family 6 Model 126 Stepping 5, GenuineIntel
TMP=C:\Users\nadhs\AppData\Local\Temp
TEMP=C:\Users\nadhs\AppData\Local\Temp


JNI global refs:
JNI global refs: 10, weak refs: 28

JNI global refs memory usage: 843, weak refs: 841


---------------  S Y S T E M  ---------------

OS:
 Windows 10 , 64 bit Build 19041 (10.0.19041.3636)
OS uptime: 8 days 23:28 hours

CPU: total 4 (initial active 4) (2 cores per cpu, 2 threads per core) family 6 model 126 stepping 5 microcode 0xa6, cx8, cmov, fxsr, ht, mmx, 3dnowpref, sse, sse2, sse3, ssse3, sse4.1, sse4.2, popcnt, lzcnt, tsc, tscinvbit, avx, avx2, aes, erms, clmul, bmi1, bmi2, adx, avx512f, avx512dq, avx512cd, avx512bw, avx512vl, sha, fma, vzeroupper, avx512_vpopcntdq, avx512_vpclmulqdq, avx512_vaes, avx512_vnni, clflush, clflushopt, avx512_vbmi2, avx512_vbmi

Memory: 4k page, system-wide physical 7998M (1109M free)
TotalPageFile size 11798M (AvailPageFile size 289M)
current process WorkingSet (physical memory assigned to process): 587M, peak: 598M
current process commit charge ("private bytes"): 617M, peak: 921M

vm_info: OpenJDK 64-Bit Server VM (17.0.6+0-b2043.56-10027231) for windows-amd64 JRE (17.0.6+0-b2043.56-10027231), built on Apr 28 2023 00:43:19 by "androidbuild" with MS VC++ 16.10 / 16.11 (VS2019)

END.
